{"/home/dell/Desktop/ERP/ERP-Project/src/app.ts": {"path":"/home/dell/Desktop/ERP/ERP-Project/src/app.ts","statementMap":{"0":{"start":{"line":1,"column":0},"end":{"line":1,"column":27}},"1":{"start":{"line":2,"column":0},"end":{"line":2,"column":32}},"2":{"start":{"line":3,"column":0},"end":{"line":3,"column":53}},"3":{"start":{"line":4,"column":0},"end":{"line":4,"column":24}},"4":{"start":{"line":5,"column":0},"end":{"line":5,"column":32}},"5":{"start":{"line":6,"column":0},"end":{"line":6,"column":35}},"6":{"start":{"line":7,"column":0},"end":{"line":7,"column":38}},"7":{"start":{"line":8,"column":0},"end":{"line":8,"column":56}},"8":{"start":{"line":10,"column":25},"end":{"line":10,"column":38}},"9":{"start":{"line":11,"column":29},"end":{"line":11,"column":46}},"10":{"start":{"line":17,"column":4},"end":{"line":17,"column":25}},"11":{"start":{"line":18,"column":4},"end":{"line":18,"column":27}},"12":{"start":{"line":19,"column":4},"end":{"line":19,"column":32}},"13":{"start":{"line":20,"column":4},"end":{"line":20,"column":28}},"14":{"start":{"line":21,"column":4},"end":{"line":21,"column":25}},"15":{"start":{"line":22,"column":4},"end":{"line":22,"column":33}},"16":{"start":{"line":27,"column":4},"end":{"line":27,"column":33}},"17":{"start":{"line":28,"column":4},"end":{"line":45,"column":6}},"18":{"start":{"line":50,"column":4},"end":{"line":52,"column":7}},"19":{"start":{"line":51,"column":6},"end":{"line":51,"column":32}},"20":{"start":{"line":57,"column":4},"end":{"line":57,"column":31}},"21":{"start":{"line":62,"column":4},"end":{"line":64,"column":7}},"22":{"start":{"line":63,"column":6},"end":{"line":63,"column":59}},"23":{"start":{"line":69,"column":4},"end":{"line":71,"column":7}},"24":{"start":{"line":70,"column":6},"end":{"line":70,"column":53}},"25":{"start":{"line":73,"column":4},"end":{"line":75,"column":7}},"26":{"start":{"line":74,"column":6},"end":{"line":74,"column":45}},"27":{"start":{"line":77,"column":4},"end":{"line":79,"column":7}},"28":{"start":{"line":78,"column":6},"end":{"line":78,"column":47}},"29":{"start":{"line":81,"column":4},"end":{"line":81,"column":51}},"30":{"start":{"line":12,"column":0},"end":{"line":12,"column":13}}},"fnMap":{"0":{"name":"(anonymous_1)","decl":{"start":{"line":16,"column":2},"end":{"line":16,"column":14}},"loc":{"start":{"line":16,"column":31},"end":{"line":23,"column":3}}},"1":{"name":"(anonymous_2)","decl":{"start":{"line":26,"column":9},"end":{"line":26,"column":29}},"loc":{"start":{"line":26,"column":29},"end":{"line":46,"column":3}}},"2":{"name":"(anonymous_3)","decl":{"start":{"line":49,"column":9},"end":{"line":49,"column":25}},"loc":{"start":{"line":49,"column":25},"end":{"line":53,"column":3}}},"3":{"name":"(anonymous_4)","decl":{"start":{"line":50,"column":25},"end":{"line":50,"column":26}},"loc":{"start":{"line":50,"column":36},"end":{"line":52,"column":5}}},"4":{"name":"(anonymous_5)","decl":{"start":{"line":56,"column":9},"end":{"line":56,"column":30}},"loc":{"start":{"line":56,"column":30},"end":{"line":58,"column":3}}},"5":{"name":"(anonymous_6)","decl":{"start":{"line":61,"column":9},"end":{"line":61,"column":15}},"loc":{"start":{"line":61,"column":15},"end":{"line":65,"column":3}}},"6":{"name":"(anonymous_7)","decl":{"start":{"line":62,"column":33},"end":{"line":62,"column":36}},"loc":{"start":{"line":62,"column":38},"end":{"line":64,"column":5}}},"7":{"name":"(anonymous_8)","decl":{"start":{"line":68,"column":9},"end":{"line":68,"column":22}},"loc":{"start":{"line":68,"column":22},"end":{"line":82,"column":3}}},"8":{"name":"(anonymous_9)","decl":{"start":{"line":69,"column":40},"end":{"line":69,"column":43}},"loc":{"start":{"line":69,"column":45},"end":{"line":71,"column":5}}},"9":{"name":"(anonymous_10)","decl":{"start":{"line":73,"column":36},"end":{"line":73,"column":37}},"loc":{"start":{"line":73,"column":44},"end":{"line":75,"column":5}}},"10":{"name":"(anonymous_11)","decl":{"start":{"line":77,"column":43},"end":{"line":77,"column":46}},"loc":{"start":{"line":77,"column":48},"end":{"line":79,"column":5}}}},"branchMap":{},"s":{"0":1,"1":1,"2":1,"3":1,"4":1,"5":1,"6":1,"7":1,"8":1,"9":1,"10":1,"11":1,"12":1,"13":1,"14":1,"15":1,"16":1,"17":1,"18":1,"19":5,"20":1,"21":1,"22":0,"23":1,"24":0,"25":1,"26":0,"27":1,"28":0,"29":1,"30":1},"f":{"0":1,"1":1,"2":1,"3":5,"4":1,"5":1,"6":0,"7":1,"8":0,"9":0,"10":0},"b":{}}
,"/home/dell/Desktop/ERP/ERP-Project/src/config.ts": {"path":"/home/dell/Desktop/ERP/ERP-Project/src/config.ts","statementMap":{"0":{"start":{"line":1,"column":49},"end":{"line":1,"column":60}},"1":{"start":{"line":3,"column":13},"end":{"line":6,"column":2}},"2":{"start":{"line":8,"column":13},"end":{"line":11,"column":2}}},"fnMap":{},"branchMap":{"0":{"loc":{"start":{"line":4,"column":8},"end":{"line":4,"column":20}},"type":"binary-expr","locations":[{"start":{"line":4,"column":8},"end":{"line":4,"column":12}},{"start":{"line":4,"column":16},"end":{"line":4,"column":20}}]},"1":{"loc":{"start":{"line":5,"column":12},"end":{"line":5,"column":31}},"type":"binary-expr","locations":[{"start":{"line":5,"column":12},"end":{"line":5,"column":21}},{"start":{"line":5,"column":25},"end":{"line":5,"column":31}}]},"2":{"loc":{"start":{"line":9,"column":7},"end":{"line":9,"column":50}},"type":"binary-expr","locations":[{"start":{"line":9,"column":7},"end":{"line":9,"column":18}},{"start":{"line":9,"column":22},"end":{"line":9,"column":50}}]},"3":{"loc":{"start":{"line":10,"column":11},"end":{"line":10,"column":42}},"type":"binary-expr","locations":[{"start":{"line":10,"column":11},"end":{"line":10,"column":19}},{"start":{"line":10,"column":23},"end":{"line":10,"column":42}}]}},"s":{"0":1,"1":1,"2":1},"f":{},"b":{"0":[1,0],"1":[1,0],"2":[1,0],"3":[1,0]}}
,"/home/dell/Desktop/ERP/ERP-Project/src/index.ts": {"path":"/home/dell/Desktop/ERP/ERP-Project/src/index.ts","statementMap":{"0":{"start":{"line":1,"column":0},"end":{"line":1,"column":26}},"1":{"start":{"line":2,"column":0},"end":{"line":2,"column":44}},"2":{"start":{"line":3,"column":0},"end":{"line":3,"column":64}},"3":{"start":{"line":4,"column":0},"end":{"line":4,"column":73}},"4":{"start":{"line":5,"column":0},"end":{"line":5,"column":76}},"5":{"start":{"line":6,"column":0},"end":{"line":6,"column":82}},"6":{"start":{"line":8,"column":12},"end":{"line":8,"column":90}},"7":{"start":{"line":13,"column":8},"end":{"line":13,"column":11}},"8":{"start":{"line":11,"column":0},"end":{"line":11,"column":13}}},"fnMap":{},"branchMap":{},"s":{"0":1,"1":1,"2":1,"3":1,"4":1,"5":1,"6":1,"7":1,"8":1},"f":{},"b":{}}
,"/home/dell/Desktop/ERP/ERP-Project/src/interfaces.ts": {"path":"/home/dell/Desktop/ERP/ERP-Project/src/interfaces.ts","statementMap":{"0":{"start":{"line":44,"column":0},"end":{"line":44,"column":null}},"1":{"start":{"line":45,"column":2},"end":{"line":45,"column":null}},"2":{"start":{"line":46,"column":2},"end":{"line":46,"column":null}},"3":{"start":{"line":47,"column":2},"end":{"line":47,"column":null}}},"fnMap":{"0":{"name":"(anonymous_0)","decl":{"start":{"line":44,"column":0},"end":{"line":44,"column":12}},"loc":{"start":{"line":44,"column":17},"end":{"line":48,"column":1}}}},"branchMap":{"0":{"loc":{"start":{"line":44,"column":12},"end":{"line":44,"column":null}},"type":"binary-expr","locations":[{"start":{"line":44,"column":12},"end":{"line":44,"column":17}},{"start":{"line":44,"column":17},"end":{"line":44,"column":null}}]}},"s":{"0":1,"1":1,"2":1,"3":1},"f":{"0":1},"b":{"0":[1,1]}}
,"/home/dell/Desktop/ERP/ERP-Project/src/ping.ts": {"path":"/home/dell/Desktop/ERP/ERP-Project/src/ping.ts","statementMap":{"0":{"start":{"line":1,"column":0},"end":{"line":1,"column":30}},"1":{"start":{"line":3,"column":15},"end":{"line":3,"column":31}},"2":{"start":{"line":9,"column":8},"end":{"line":9,"column":14}},"3":{"start":{"line":5,"column":0},"end":{"line":7,"column":3}},"4":{"start":{"line":6,"column":2},"end":{"line":6,"column":27}}},"fnMap":{"0":{"name":"(anonymous_1)","decl":{"start":{"line":5,"column":20},"end":{"line":5,"column":21}},"loc":{"start":{"line":5,"column":33},"end":{"line":7,"column":1}}}},"branchMap":{},"s":{"0":1,"1":1,"2":1,"3":1,"4":0},"f":{"0":0},"b":{}}
,"/home/dell/Desktop/ERP/ERP-Project/src/middleware/auth.ts": {"path":"/home/dell/Desktop/ERP/ERP-Project/src/middleware/auth.ts","statementMap":{"0":{"start":{"line":2,"column":0},"end":{"line":2,"column":26}},"1":{"start":{"line":3,"column":0},"end":{"line":3,"column":20}},"2":{"start":{"line":4,"column":0},"end":{"line":4,"column":59}},"3":{"start":{"line":5,"column":0},"end":{"line":5,"column":68}},"4":{"start":{"line":7,"column":0},"end":{"line":7,"column":43}},"5":{"start":{"line":8,"column":0},"end":{"line":8,"column":39}},"6":{"start":{"line":9,"column":0},"end":{"line":9,"column":31}},"7":{"start":{"line":11,"column":20},"end":{"line":46,"column":1}},"8":{"start":{"line":12,"column":16},"end":{"line":12,"column":66}},"9":{"start":{"line":14,"column":2},"end":{"line":16,"column":null}},"10":{"start":{"line":15,"column":4},"end":{"line":15,"column":37}},"11":{"start":{"line":17,"column":2},"end":{"line":45,"column":null}},"12":{"start":{"line":18,"column":23},"end":{"line":18,"column":81}},"13":{"start":{"line":19,"column":16},"end":{"line":19,"column":45}},"14":{"start":{"line":24,"column":16},"end":{"line":24,"column":26}},"15":{"start":{"line":25,"column":17},"end":{"line":25,"column":28}},"16":{"start":{"line":27,"column":17},"end":{"line":27,"column":40}},"17":{"start":{"line":28,"column":20},"end":{"line":28,"column":46}},"18":{"start":{"line":30,"column":4},"end":{"line":38,"column":null}},"19":{"start":{"line":31,"column":6},"end":{"line":33,"column":null}},"20":{"start":{"line":32,"column":8},"end":{"line":32,"column":50}},"21":{"start":{"line":34,"column":11},"end":{"line":38,"column":null}},"22":{"start":{"line":35,"column":6},"end":{"line":37,"column":null}},"23":{"start":{"line":36,"column":8},"end":{"line":36,"column":50}},"24":{"start":{"line":40,"column":4},"end":{"line":40,"column":30}},"25":{"start":{"line":41,"column":4},"end":{"line":41,"column":11}},"26":{"start":{"line":43,"column":4},"end":{"line":43,"column":67}},"27":{"start":{"line":44,"column":4},"end":{"line":44,"column":34}},"28":{"start":{"line":11,"column":13},"end":{"line":11,"column":20}}},"fnMap":{"0":{"name":"(anonymous_1)","decl":{"start":{"line":11,"column":20},"end":{"line":11,"column":25}},"loc":{"start":{"line":11,"column":78},"end":{"line":46,"column":1}}}},"branchMap":{"0":{"loc":{"start":{"line":14,"column":2},"end":{"line":16,"column":null}},"type":"if","locations":[{"start":{"line":14,"column":2},"end":{"line":16,"column":null}}]},"1":{"loc":{"start":{"line":30,"column":4},"end":{"line":38,"column":null}},"type":"if","locations":[{"start":{"line":30,"column":4},"end":{"line":38,"column":null}},{"start":{"line":34,"column":11},"end":{"line":38,"column":null}}]},"2":{"loc":{"start":{"line":31,"column":6},"end":{"line":33,"column":null}},"type":"if","locations":[{"start":{"line":31,"column":6},"end":{"line":33,"column":null}}]},"3":{"loc":{"start":{"line":34,"column":11},"end":{"line":38,"column":null}},"type":"if","locations":[{"start":{"line":34,"column":11},"end":{"line":38,"column":null}}]},"4":{"loc":{"start":{"line":35,"column":6},"end":{"line":37,"column":null}},"type":"if","locations":[{"start":{"line":35,"column":6},"end":{"line":37,"column":null}}]}},"s":{"0":1,"1":1,"2":1,"3":1,"4":1,"5":1,"6":1,"7":1,"8":0,"9":0,"10":0,"11":0,"12":0,"13":0,"14":0,"15":0,"16":0,"17":0,"18":0,"19":0,"20":0,"21":0,"22":0,"23":0,"24":0,"25":0,"26":0,"27":0,"28":1},"f":{"0":0},"b":{"0":[0],"1":[0,0],"2":[0],"3":[0],"4":[0]}}
,"/home/dell/Desktop/ERP/ERP-Project/src/middleware/authorization.ts": {"path":"/home/dell/Desktop/ERP/ERP-Project/src/middleware/authorization.ts","statementMap":{"0":{"start":{"line":1,"column":0},"end":{"line":1,"column":39}},"1":{"start":{"line":2,"column":0},"end":{"line":2,"column":43}},"2":{"start":{"line":4,"column":29},"end":{"line":17,"column":1}},"3":{"start":{"line":5,"column":2},"end":{"line":16,"column":4}},"4":{"start":{"line":6,"column":19},"end":{"line":6,"column":30}},"5":{"start":{"line":10,"column":4},"end":{"line":13,"column":null}},"6":{"start":{"line":11,"column":6},"end":{"line":11,"column":47}},"7":{"start":{"line":12,"column":6},"end":{"line":12,"column":57}},"8":{"start":{"line":15,"column":4},"end":{"line":15,"column":11}},"9":{"start":{"line":4,"column":13},"end":{"line":4,"column":29}}},"fnMap":{"0":{"name":"(anonymous_0)","decl":{"start":{"line":4,"column":29},"end":{"line":4,"column":30}},"loc":{"start":{"line":4,"column":49},"end":{"line":17,"column":1}}},"1":{"name":"(anonymous_1)","decl":{"start":{"line":5,"column":9},"end":{"line":5,"column":10}},"loc":{"start":{"line":5,"column":28},"end":{"line":16,"column":3}}}},"branchMap":{"0":{"loc":{"start":{"line":10,"column":4},"end":{"line":13,"column":null}},"type":"if","locations":[{"start":{"line":10,"column":4},"end":{"line":13,"column":null}}]}},"s":{"0":1,"1":1,"2":1,"3":26,"4":0,"5":0,"6":0,"7":0,"8":0,"9":1},"f":{"0":26,"1":0},"b":{"0":[0]}}
,"/home/dell/Desktop/ERP/ERP-Project/src/middleware/error-handler.ts": {"path":"/home/dell/Desktop/ERP/ERP-Project/src/middleware/error-handler.ts","statementMap":{"0":{"start":{"line":4,"column":28},"end":{"line":8,"column":1}},"1":{"start":{"line":5,"column":24},"end":{"line":5,"column":47}},"2":{"start":{"line":7,"column":2},"end":{"line":7,"column":82}},"3":{"start":{"line":4,"column":13},"end":{"line":4,"column":28}}},"fnMap":{"0":{"name":"(anonymous_0)","decl":{"start":{"line":4,"column":28},"end":{"line":4,"column":29}},"loc":{"start":{"line":4,"column":102},"end":{"line":8,"column":1}}}},"branchMap":{"0":{"loc":{"start":{"line":7,"column":57},"end":{"line":7,"column":79}},"type":"binary-expr","locations":[{"start":{"line":7,"column":57},"end":{"line":7,"column":70}},{"start":{"line":7,"column":74},"end":{"line":7,"column":79}}]}},"s":{"0":1,"1":0,"2":0,"3":1},"f":{"0":0},"b":{"0":[0,0]}}
,"/home/dell/Desktop/ERP/ERP-Project/src/modules/Attendance/attendance.controller.ts": {"path":"/home/dell/Desktop/ERP/ERP-Project/src/modules/Attendance/attendance.controller.ts","statementMap":{"0":{"start":{"line":2,"column":0},"end":{"line":2,"column":null}},"1":{"start":{"line":9,"column":0},"end":{"line":9,"column":42}},"2":{"start":{"line":19,"column":29},"end":{"line":26,"column":1}},"3":{"start":{"line":20,"column":2},"end":{"line":25,"column":null}},"4":{"start":{"line":21,"column":23},"end":{"line":21,"column":46}},"5":{"start":{"line":22,"column":4},"end":{"line":22,"column":67}},"6":{"start":{"line":24,"column":4},"end":{"line":24,"column":16}},"7":{"start":{"line":19,"column":13},"end":{"line":19,"column":29}},"8":{"start":{"line":35,"column":32},"end":{"line":42,"column":1}},"9":{"start":{"line":36,"column":2},"end":{"line":41,"column":null}},"10":{"start":{"line":37,"column":23},"end":{"line":37,"column":52}},"11":{"start":{"line":38,"column":4},"end":{"line":38,"column":67}},"12":{"start":{"line":40,"column":4},"end":{"line":40,"column":16}},"13":{"start":{"line":35,"column":13},"end":{"line":35,"column":32}},"14":{"start":{"line":51,"column":33},"end":{"line":58,"column":1}},"15":{"start":{"line":52,"column":2},"end":{"line":57,"column":null}},"16":{"start":{"line":53,"column":23},"end":{"line":53,"column":62}},"17":{"start":{"line":54,"column":4},"end":{"line":54,"column":67}},"18":{"start":{"line":56,"column":4},"end":{"line":56,"column":16}},"19":{"start":{"line":51,"column":13},"end":{"line":51,"column":33}},"20":{"start":{"line":67,"column":42},"end":{"line":86,"column":1}},"21":{"start":{"line":72,"column":2},"end":{"line":85,"column":null}},"22":{"start":{"line":73,"column":23},"end":{"line":73,"column":71}},"23":{"start":{"line":75,"column":4},"end":{"line":77,"column":null}},"24":{"start":{"line":76,"column":6},"end":{"line":76,"column":50}},"25":{"start":{"line":79,"column":4},"end":{"line":79,"column":77}},"26":{"start":{"line":81,"column":4},"end":{"line":81,"column":28}},"27":{"start":{"line":82,"column":4},"end":{"line":82,"column":96}},"28":{"start":{"line":84,"column":4},"end":{"line":84,"column":16}},"29":{"start":{"line":67,"column":13},"end":{"line":67,"column":42}},"30":{"start":{"line":95,"column":42},"end":{"line":106,"column":1}},"31":{"start":{"line":100,"column":2},"end":{"line":105,"column":null}},"32":{"start":{"line":101,"column":23},"end":{"line":101,"column":71}},"33":{"start":{"line":102,"column":4},"end":{"line":102,"column":67}},"34":{"start":{"line":104,"column":4},"end":{"line":104,"column":16}},"35":{"start":{"line":95,"column":13},"end":{"line":95,"column":42}}},"fnMap":{"0":{"name":"(anonymous_0)","decl":{"start":{"line":19,"column":29},"end":{"line":19,"column":34}},"loc":{"start":{"line":19,"column":106},"end":{"line":26,"column":1}}},"1":{"name":"(anonymous_1)","decl":{"start":{"line":35,"column":32},"end":{"line":35,"column":37}},"loc":{"start":{"line":35,"column":107},"end":{"line":42,"column":1}}},"2":{"name":"(anonymous_2)","decl":{"start":{"line":51,"column":33},"end":{"line":51,"column":38}},"loc":{"start":{"line":51,"column":108},"end":{"line":58,"column":1}}},"3":{"name":"(anonymous_3)","decl":{"start":{"line":67,"column":42},"end":{"line":67,"column":47}},"loc":{"start":{"line":71,"column":23},"end":{"line":86,"column":1}}},"4":{"name":"(anonymous_4)","decl":{"start":{"line":95,"column":42},"end":{"line":95,"column":47}},"loc":{"start":{"line":99,"column":23},"end":{"line":106,"column":1}}}},"branchMap":{"0":{"loc":{"start":{"line":82,"column":54},"end":{"line":82,"column":93}},"type":"binary-expr","locations":[{"start":{"line":82,"column":54},"end":{"line":82,"column":64}},{"start":{"line":82,"column":68},"end":{"line":82,"column":93}}]}},"s":{"0":1,"1":1,"2":1,"3":0,"4":0,"5":0,"6":0,"7":1,"8":1,"9":0,"10":0,"11":0,"12":0,"13":1,"14":1,"15":0,"16":0,"17":0,"18":0,"19":1,"20":1,"21":0,"22":0,"23":0,"24":0,"25":0,"26":0,"27":0,"28":0,"29":1,"30":1,"31":0,"32":0,"33":0,"34":0,"35":1},"f":{"0":0,"1":0,"2":0,"3":0,"4":0},"b":{"0":[0,0]}}
,"/home/dell/Desktop/ERP/ERP-Project/src/modules/Attendance/attendance.model.ts": {"path":"/home/dell/Desktop/ERP/ERP-Project/src/modules/Attendance/attendance.model.ts","statementMap":{"0":{"start":{"line":1,"column":0},"end":{"line":1,"column":39}},"1":{"start":{"line":3,"column":25},"end":{"line":19,"column":2}},"2":{"start":{"line":21,"column":13},"end":{"line":21,"column":64}}},"fnMap":{},"branchMap":{},"s":{"0":1,"1":1,"2":1},"f":{},"b":{}}
,"/home/dell/Desktop/ERP/ERP-Project/src/modules/Attendance/attendance.routes.ts": {"path":"/home/dell/Desktop/ERP/ERP-Project/src/modules/Attendance/attendance.routes.ts","statementMap":{"0":{"start":{"line":2,"column":0},"end":{"line":2,"column":31}},"1":{"start":{"line":3,"column":0},"end":{"line":3,"column":null}},"2":{"start":{"line":10,"column":0},"end":{"line":10,"column":43}},"3":{"start":{"line":11,"column":0},"end":{"line":11,"column":61}},"4":{"start":{"line":13,"column":15},"end":{"line":13,"column":27}},"5":{"start":{"line":15,"column":13},"end":{"line":15,"column":31}},"6":{"start":{"line":18,"column":0},"end":{"line":18,"column":81}},"7":{"start":{"line":21,"column":0},"end":{"line":21,"column":89}},"8":{"start":{"line":24,"column":0},"end":{"line":24,"column":89}},"9":{"start":{"line":27,"column":0},"end":{"line":27,"column":107}},"10":{"start":{"line":30,"column":0},"end":{"line":30,"column":108}}},"fnMap":{},"branchMap":{},"s":{"0":1,"1":1,"2":1,"3":1,"4":1,"5":1,"6":1,"7":1,"8":1,"9":1,"10":1},"f":{},"b":{}}
,"/home/dell/Desktop/ERP/ERP-Project/src/modules/Attendance/attendance.services.ts": {"path":"/home/dell/Desktop/ERP/ERP-Project/src/modules/Attendance/attendance.services.ts","statementMap":{"0":{"start":{"line":1,"column":0},"end":{"line":1,"column":46}},"1":{"start":{"line":3,"column":0},"end":{"line":3,"column":46}},"2":{"start":{"line":7,"column":31},"end":{"line":13,"column":1}},"3":{"start":{"line":8,"column":2},"end":{"line":12,"column":null}},"4":{"start":{"line":9,"column":4},"end":{"line":9,"column":35}},"5":{"start":{"line":11,"column":4},"end":{"line":11,"column":34}},"6":{"start":{"line":7,"column":13},"end":{"line":7,"column":31}},"7":{"start":{"line":16,"column":34},"end":{"line":22,"column":1}},"8":{"start":{"line":17,"column":2},"end":{"line":21,"column":null}},"9":{"start":{"line":18,"column":4},"end":{"line":18,"column":42}},"10":{"start":{"line":20,"column":4},"end":{"line":20,"column":34}},"11":{"start":{"line":16,"column":13},"end":{"line":16,"column":34}},"12":{"start":{"line":25,"column":29},"end":{"line":31,"column":1}},"13":{"start":{"line":26,"column":2},"end":{"line":30,"column":null}},"14":{"start":{"line":27,"column":4},"end":{"line":27,"column":41}},"15":{"start":{"line":29,"column":4},"end":{"line":29,"column":34}},"16":{"start":{"line":25,"column":13},"end":{"line":25,"column":29}},"17":{"start":{"line":34,"column":43},"end":{"line":40,"column":1}},"18":{"start":{"line":35,"column":2},"end":{"line":39,"column":null}},"19":{"start":{"line":36,"column":4},"end":{"line":36,"column":51}},"20":{"start":{"line":38,"column":4},"end":{"line":38,"column":34}},"21":{"start":{"line":34,"column":13},"end":{"line":34,"column":43}},"22":{"start":{"line":43,"column":43},"end":{"line":49,"column":1}},"23":{"start":{"line":44,"column":2},"end":{"line":48,"column":null}},"24":{"start":{"line":45,"column":4},"end":{"line":45,"column":42}},"25":{"start":{"line":47,"column":4},"end":{"line":47,"column":34}},"26":{"start":{"line":43,"column":13},"end":{"line":43,"column":43}}},"fnMap":{"0":{"name":"(anonymous_0)","decl":{"start":{"line":7,"column":31},"end":{"line":7,"column":36}},"loc":{"start":{"line":7,"column":66},"end":{"line":13,"column":1}}},"1":{"name":"(anonymous_1)","decl":{"start":{"line":16,"column":34},"end":{"line":16,"column":39}},"loc":{"start":{"line":16,"column":70},"end":{"line":22,"column":1}}},"2":{"name":"(anonymous_2)","decl":{"start":{"line":25,"column":29},"end":{"line":25,"column":34}},"loc":{"start":{"line":25,"column":61},"end":{"line":31,"column":1}}},"3":{"name":"(anonymous_3)","decl":{"start":{"line":34,"column":43},"end":{"line":34,"column":48}},"loc":{"start":{"line":34,"column":79},"end":{"line":40,"column":1}}},"4":{"name":"(anonymous_4)","decl":{"start":{"line":43,"column":43},"end":{"line":43,"column":48}},"loc":{"start":{"line":43,"column":79},"end":{"line":49,"column":1}}}},"branchMap":{},"s":{"0":1,"1":1,"2":1,"3":0,"4":0,"5":0,"6":1,"7":1,"8":0,"9":0,"10":0,"11":1,"12":1,"13":0,"14":0,"15":0,"16":1,"17":1,"18":0,"19":0,"20":0,"21":1,"22":1,"23":0,"24":0,"25":0,"26":1},"f":{"0":0,"1":0,"2":0,"3":0,"4":0},"b":{}}
,"/home/dell/Desktop/ERP/ERP-Project/src/modules/Department/department.controller.ts": {"path":"/home/dell/Desktop/ERP/ERP-Project/src/modules/Department/department.controller.ts","statementMap":{"0":{"start":{"line":2,"column":0},"end":{"line":2,"column":null}},"1":{"start":{"line":15,"column":0},"end":{"line":15,"column":42}},"2":{"start":{"line":24,"column":30},"end":{"line":31,"column":1}},"3":{"start":{"line":25,"column":2},"end":{"line":30,"column":null}},"4":{"start":{"line":26,"column":23},"end":{"line":26,"column":46}},"5":{"start":{"line":27,"column":4},"end":{"line":27,"column":44}},"6":{"start":{"line":29,"column":4},"end":{"line":29,"column":16}},"7":{"start":{"line":24,"column":13},"end":{"line":24,"column":30}},"8":{"start":{"line":40,"column":32},"end":{"line":48,"column":1}},"9":{"start":{"line":41,"column":2},"end":{"line":47,"column":null}},"10":{"start":{"line":42,"column":23},"end":{"line":42,"column":52}},"11":{"start":{"line":43,"column":4},"end":{"line":43,"column":67}},"12":{"start":{"line":45,"column":4},"end":{"line":45,"column":55}},"13":{"start":{"line":46,"column":4},"end":{"line":46,"column":13}},"14":{"start":{"line":40,"column":13},"end":{"line":40,"column":32}},"15":{"start":{"line":57,"column":33},"end":{"line":65,"column":1}},"16":{"start":{"line":58,"column":2},"end":{"line":64,"column":null}},"17":{"start":{"line":59,"column":23},"end":{"line":59,"column":62}},"18":{"start":{"line":60,"column":4},"end":{"line":60,"column":96}},"19":{"start":{"line":62,"column":4},"end":{"line":62,"column":58}},"20":{"start":{"line":63,"column":4},"end":{"line":63,"column":16}},"21":{"start":{"line":57,"column":13},"end":{"line":57,"column":33}},"22":{"start":{"line":74,"column":42},"end":{"line":95,"column":1}},"23":{"start":{"line":79,"column":2},"end":{"line":94,"column":null}},"24":{"start":{"line":80,"column":23},"end":{"line":80,"column":71}},"25":{"start":{"line":82,"column":4},"end":{"line":84,"column":null}},"26":{"start":{"line":83,"column":6},"end":{"line":83,"column":50}},"27":{"start":{"line":86,"column":4},"end":{"line":86,"column":54}},"28":{"start":{"line":88,"column":4},"end":{"line":88,"column":28}},"29":{"start":{"line":90,"column":4},"end":{"line":90,"column":96}},"30":{"start":{"line":92,"column":4},"end":{"line":92,"column":58}},"31":{"start":{"line":93,"column":4},"end":{"line":93,"column":16}},"32":{"start":{"line":74,"column":13},"end":{"line":74,"column":42}},"33":{"start":{"line":104,"column":42},"end":{"line":118,"column":1}},"34":{"start":{"line":109,"column":2},"end":{"line":117,"column":null}},"35":{"start":{"line":110,"column":23},"end":{"line":110,"column":71}},"36":{"start":{"line":111,"column":4},"end":{"line":111,"column":67}},"37":{"start":{"line":113,"column":4},"end":{"line":113,"column":96}},"38":{"start":{"line":115,"column":4},"end":{"line":115,"column":58}},"39":{"start":{"line":116,"column":4},"end":{"line":116,"column":16}},"40":{"start":{"line":104,"column":13},"end":{"line":104,"column":42}},"41":{"start":{"line":126,"column":18},"end":{"line":134,"column":1}},"42":{"start":{"line":127,"column":2},"end":{"line":133,"column":null}},"43":{"start":{"line":128,"column":23},"end":{"line":128,"column":43}},"44":{"start":{"line":129,"column":4},"end":{"line":129,"column":96}},"45":{"start":{"line":131,"column":4},"end":{"line":131,"column":49}},"46":{"start":{"line":132,"column":4},"end":{"line":132,"column":16}},"47":{"start":{"line":126,"column":13},"end":{"line":126,"column":18}},"48":{"start":{"line":142,"column":18},"end":{"line":149,"column":1}},"49":{"start":{"line":143,"column":2},"end":{"line":148,"column":null}},"50":{"start":{"line":144,"column":17},"end":{"line":144,"column":45}},"51":{"start":{"line":145,"column":4},"end":{"line":145,"column":54}},"52":{"start":{"line":147,"column":4},"end":{"line":147,"column":14}},"53":{"start":{"line":142,"column":13},"end":{"line":142,"column":18}},"54":{"start":{"line":157,"column":18},"end":{"line":164,"column":1}},"55":{"start":{"line":158,"column":2},"end":{"line":163,"column":null}},"56":{"start":{"line":159,"column":17},"end":{"line":159,"column":45}},"57":{"start":{"line":160,"column":4},"end":{"line":160,"column":54}},"58":{"start":{"line":162,"column":4},"end":{"line":162,"column":14}},"59":{"start":{"line":157,"column":13},"end":{"line":157,"column":18}},"60":{"start":{"line":172,"column":18},"end":{"line":179,"column":1}},"61":{"start":{"line":173,"column":2},"end":{"line":178,"column":null}},"62":{"start":{"line":174,"column":17},"end":{"line":174,"column":45}},"63":{"start":{"line":175,"column":4},"end":{"line":175,"column":54}},"64":{"start":{"line":177,"column":4},"end":{"line":177,"column":14}},"65":{"start":{"line":172,"column":13},"end":{"line":172,"column":18}}},"fnMap":{"0":{"name":"(anonymous_0)","decl":{"start":{"line":24,"column":30},"end":{"line":24,"column":35}},"loc":{"start":{"line":24,"column":107},"end":{"line":31,"column":1}}},"1":{"name":"(anonymous_1)","decl":{"start":{"line":40,"column":32},"end":{"line":40,"column":37}},"loc":{"start":{"line":40,"column":109},"end":{"line":48,"column":1}}},"2":{"name":"(anonymous_2)","decl":{"start":{"line":57,"column":33},"end":{"line":57,"column":38}},"loc":{"start":{"line":57,"column":110},"end":{"line":65,"column":1}}},"3":{"name":"(anonymous_3)","decl":{"start":{"line":74,"column":42},"end":{"line":74,"column":47}},"loc":{"start":{"line":78,"column":23},"end":{"line":95,"column":1}}},"4":{"name":"(anonymous_4)","decl":{"start":{"line":104,"column":42},"end":{"line":104,"column":47}},"loc":{"start":{"line":108,"column":23},"end":{"line":118,"column":1}}},"5":{"name":"(anonymous_5)","decl":{"start":{"line":126,"column":18},"end":{"line":126,"column":23}},"loc":{"start":{"line":126,"column":76},"end":{"line":134,"column":1}}},"6":{"name":"(anonymous_6)","decl":{"start":{"line":142,"column":18},"end":{"line":142,"column":23}},"loc":{"start":{"line":142,"column":76},"end":{"line":149,"column":1}}},"7":{"name":"(anonymous_7)","decl":{"start":{"line":157,"column":18},"end":{"line":157,"column":23}},"loc":{"start":{"line":157,"column":76},"end":{"line":164,"column":1}}},"8":{"name":"(anonymous_8)","decl":{"start":{"line":172,"column":18},"end":{"line":172,"column":23}},"loc":{"start":{"line":172,"column":76},"end":{"line":179,"column":1}}}},"branchMap":{"0":{"loc":{"start":{"line":60,"column":54},"end":{"line":60,"column":93}},"type":"binary-expr","locations":[{"start":{"line":60,"column":54},"end":{"line":60,"column":64}},{"start":{"line":60,"column":68},"end":{"line":60,"column":93}}]},"1":{"loc":{"start":{"line":90,"column":54},"end":{"line":90,"column":93}},"type":"binary-expr","locations":[{"start":{"line":90,"column":54},"end":{"line":90,"column":64}},{"start":{"line":90,"column":68},"end":{"line":90,"column":93}}]},"2":{"loc":{"start":{"line":113,"column":54},"end":{"line":113,"column":93}},"type":"binary-expr","locations":[{"start":{"line":113,"column":54},"end":{"line":113,"column":64}},{"start":{"line":113,"column":68},"end":{"line":113,"column":93}}]},"3":{"loc":{"start":{"line":129,"column":54},"end":{"line":129,"column":93}},"type":"binary-expr","locations":[{"start":{"line":129,"column":54},"end":{"line":129,"column":64}},{"start":{"line":129,"column":68},"end":{"line":129,"column":93}}]}},"s":{"0":1,"1":1,"2":1,"3":0,"4":0,"5":0,"6":0,"7":1,"8":1,"9":0,"10":0,"11":0,"12":0,"13":0,"14":1,"15":1,"16":0,"17":0,"18":0,"19":0,"20":0,"21":1,"22":1,"23":0,"24":0,"25":0,"26":0,"27":0,"28":0,"29":0,"30":0,"31":0,"32":1,"33":1,"34":0,"35":0,"36":0,"37":0,"38":0,"39":0,"40":1,"41":1,"42":0,"43":0,"44":0,"45":0,"46":0,"47":1,"48":1,"49":0,"50":0,"51":0,"52":0,"53":1,"54":1,"55":0,"56":0,"57":0,"58":0,"59":1,"60":1,"61":0,"62":0,"63":0,"64":0,"65":1},"f":{"0":0,"1":0,"2":0,"3":0,"4":0,"5":0,"6":0,"7":0,"8":0},"b":{"0":[0,0],"1":[0,0],"2":[0,0],"3":[0,0]}}
,"/home/dell/Desktop/ERP/ERP-Project/src/modules/Department/department.model.ts": {"path":"/home/dell/Desktop/ERP/ERP-Project/src/modules/Department/department.model.ts","statementMap":{"0":{"start":{"line":1,"column":0},"end":{"line":1,"column":39}},"1":{"start":{"line":3,"column":25},"end":{"line":29,"column":2}},"2":{"start":{"line":31,"column":13},"end":{"line":31,"column":64}}},"fnMap":{},"branchMap":{},"s":{"0":1,"1":1,"2":1},"f":{},"b":{}}
,"/home/dell/Desktop/ERP/ERP-Project/src/modules/Department/department.routes.ts": {"path":"/home/dell/Desktop/ERP/ERP-Project/src/modules/Department/department.routes.ts","statementMap":{"0":{"start":{"line":1,"column":0},"end":{"line":1,"column":31}},"1":{"start":{"line":2,"column":0},"end":{"line":2,"column":61}},"2":{"start":{"line":3,"column":0},"end":{"line":3,"column":null}},"3":{"start":{"line":14,"column":0},"end":{"line":14,"column":43}},"4":{"start":{"line":16,"column":14},"end":{"line":16,"column":26}},"5":{"start":{"line":17,"column":13},"end":{"line":17,"column":31}},"6":{"start":{"line":20,"column":0},"end":{"line":20,"column":56}},"7":{"start":{"line":23,"column":0},"end":{"line":23,"column":59}},"8":{"start":{"line":26,"column":0},"end":{"line":26,"column":61}},"9":{"start":{"line":29,"column":0},"end":{"line":29,"column":61}},"10":{"start":{"line":32,"column":0},"end":{"line":32,"column":72}},"11":{"start":{"line":35,"column":0},"end":{"line":35,"column":79}},"12":{"start":{"line":38,"column":0},"end":{"line":38,"column":97}},"13":{"start":{"line":41,"column":0},"end":{"line":41,"column":98}},"14":{"start":{"line":44,"column":0},"end":{"line":44,"column":79}},"15":{"start":{"line":46,"column":0},"end":{"line":46,"column":15}}},"fnMap":{},"branchMap":{},"s":{"0":1,"1":1,"2":1,"3":1,"4":1,"5":1,"6":1,"7":1,"8":1,"9":1,"10":1,"11":1,"12":1,"13":1,"14":1,"15":1},"f":{},"b":{}}
,"/home/dell/Desktop/ERP/ERP-Project/src/modules/Department/department.services.ts": {"path":"/home/dell/Desktop/ERP/ERP-Project/src/modules/Department/department.services.ts","statementMap":{"0":{"start":{"line":2,"column":0},"end":{"line":2,"column":46}},"1":{"start":{"line":4,"column":0},"end":{"line":4,"column":46}},"2":{"start":{"line":6,"column":0},"end":{"line":6,"column":49}},"3":{"start":{"line":7,"column":0},"end":{"line":7,"column":59}},"4":{"start":{"line":10,"column":31},"end":{"line":16,"column":1}},"5":{"start":{"line":11,"column":2},"end":{"line":15,"column":null}},"6":{"start":{"line":12,"column":4},"end":{"line":12,"column":35}},"7":{"start":{"line":14,"column":4},"end":{"line":14,"column":34}},"8":{"start":{"line":10,"column":13},"end":{"line":10,"column":31}},"9":{"start":{"line":19,"column":34},"end":{"line":25,"column":1}},"10":{"start":{"line":20,"column":2},"end":{"line":24,"column":null}},"11":{"start":{"line":21,"column":4},"end":{"line":21,"column":49}},"12":{"start":{"line":23,"column":4},"end":{"line":23,"column":34}},"13":{"start":{"line":19,"column":13},"end":{"line":19,"column":34}},"14":{"start":{"line":28,"column":29},"end":{"line":34,"column":1}},"15":{"start":{"line":29,"column":2},"end":{"line":33,"column":null}},"16":{"start":{"line":30,"column":4},"end":{"line":30,"column":47}},"17":{"start":{"line":32,"column":4},"end":{"line":32,"column":34}},"18":{"start":{"line":28,"column":13},"end":{"line":28,"column":29}},"19":{"start":{"line":37,"column":43},"end":{"line":53,"column":1}},"20":{"start":{"line":38,"column":2},"end":{"line":52,"column":null}},"21":{"start":{"line":39,"column":23},"end":{"line":39,"column":53}},"22":{"start":{"line":40,"column":20},"end":{"line":40,"column":70}},"23":{"start":{"line":41,"column":27},"end":{"line":43,"column":6}},"24":{"start":{"line":42,"column":6},"end":{"line":42,"column":19}},"25":{"start":{"line":45,"column":4},"end":{"line":45,"column":44}},"26":{"start":{"line":46,"column":4},"end":{"line":46,"column":50}},"27":{"start":{"line":47,"column":4},"end":{"line":47,"column":68}},"28":{"start":{"line":49,"column":4},"end":{"line":49,"column":22}},"29":{"start":{"line":51,"column":4},"end":{"line":51,"column":34}},"30":{"start":{"line":37,"column":13},"end":{"line":37,"column":43}},"31":{"start":{"line":56,"column":43},"end":{"line":62,"column":1}},"32":{"start":{"line":57,"column":2},"end":{"line":61,"column":null}},"33":{"start":{"line":58,"column":4},"end":{"line":58,"column":51}},"34":{"start":{"line":60,"column":4},"end":{"line":60,"column":34}},"35":{"start":{"line":56,"column":13},"end":{"line":56,"column":43}},"36":{"start":{"line":65,"column":28},"end":{"line":118,"column":1}},"37":{"start":{"line":66,"column":2},"end":{"line":117,"column":null}},"38":{"start":{"line":67,"column":26},"end":{"line":111,"column":6}},"39":{"start":{"line":114,"column":4},"end":{"line":114,"column":48}},"40":{"start":{"line":116,"column":4},"end":{"line":116,"column":78}},"41":{"start":{"line":65,"column":13},"end":{"line":65,"column":28}},"42":{"start":{"line":121,"column":28},"end":{"line":210,"column":1}},"43":{"start":{"line":122,"column":2},"end":{"line":209,"column":null}},"44":{"start":{"line":123,"column":26},"end":{"line":180,"column":6}},"45":{"start":{"line":182,"column":4},"end":{"line":188,"column":null}},"46":{"start":{"line":183,"column":6},"end":{"line":187,"column":9}},"47":{"start":{"line":190,"column":4},"end":{"line":196,"column":null}},"48":{"start":{"line":191,"column":6},"end":{"line":195,"column":9}},"49":{"start":{"line":198,"column":4},"end":{"line":204,"column":null}},"50":{"start":{"line":199,"column":6},"end":{"line":203,"column":9}},"51":{"start":{"line":206,"column":4},"end":{"line":206,"column":48}},"52":{"start":{"line":208,"column":4},"end":{"line":208,"column":43}},"53":{"start":{"line":121,"column":13},"end":{"line":121,"column":28}},"54":{"start":{"line":213,"column":28},"end":{"line":382,"column":1}},"55":{"start":{"line":214,"column":2},"end":{"line":381,"column":null}},"56":{"start":{"line":215,"column":26},"end":{"line":352,"column":6}},"57":{"start":{"line":354,"column":4},"end":{"line":360,"column":null}},"58":{"start":{"line":355,"column":6},"end":{"line":359,"column":9}},"59":{"start":{"line":362,"column":4},"end":{"line":368,"column":null}},"60":{"start":{"line":363,"column":6},"end":{"line":367,"column":9}},"61":{"start":{"line":370,"column":4},"end":{"line":376,"column":null}},"62":{"start":{"line":371,"column":6},"end":{"line":375,"column":9}},"63":{"start":{"line":378,"column":4},"end":{"line":378,"column":42}},"64":{"start":{"line":380,"column":4},"end":{"line":380,"column":61}},"65":{"start":{"line":213,"column":13},"end":{"line":213,"column":28}},"66":{"start":{"line":385,"column":28},"end":{"line":465,"column":1}},"67":{"start":{"line":386,"column":2},"end":{"line":464,"column":null}},"68":{"start":{"line":387,"column":26},"end":{"line":443,"column":6}},"69":{"start":{"line":445,"column":4},"end":{"line":451,"column":null}},"70":{"start":{"line":446,"column":6},"end":{"line":450,"column":9}},"71":{"start":{"line":453,"column":4},"end":{"line":459,"column":null}},"72":{"start":{"line":454,"column":6},"end":{"line":458,"column":9}},"73":{"start":{"line":461,"column":4},"end":{"line":461,"column":48}},"74":{"start":{"line":463,"column":4},"end":{"line":463,"column":61}},"75":{"start":{"line":385,"column":13},"end":{"line":385,"column":28}}},"fnMap":{"0":{"name":"(anonymous_0)","decl":{"start":{"line":10,"column":31},"end":{"line":10,"column":36}},"loc":{"start":{"line":10,"column":66},"end":{"line":16,"column":1}}},"1":{"name":"(anonymous_1)","decl":{"start":{"line":19,"column":34},"end":{"line":19,"column":39}},"loc":{"start":{"line":19,"column":70},"end":{"line":25,"column":1}}},"2":{"name":"(anonymous_2)","decl":{"start":{"line":28,"column":29},"end":{"line":28,"column":34}},"loc":{"start":{"line":28,"column":67},"end":{"line":34,"column":1}}},"3":{"name":"(anonymous_3)","decl":{"start":{"line":37,"column":43},"end":{"line":37,"column":48}},"loc":{"start":{"line":37,"column":79},"end":{"line":53,"column":1}}},"4":{"name":"(anonymous_4)","decl":{"start":{"line":41,"column":39},"end":{"line":41,"column":40}},"loc":{"start":{"line":41,"column":45},"end":{"line":43,"column":5}}},"5":{"name":"(anonymous_5)","decl":{"start":{"line":56,"column":43},"end":{"line":56,"column":48}},"loc":{"start":{"line":56,"column":79},"end":{"line":62,"column":1}}},"6":{"name":"(anonymous_6)","decl":{"start":{"line":65,"column":28},"end":{"line":65,"column":33}},"loc":{"start":{"line":65,"column":39},"end":{"line":118,"column":1}}},"7":{"name":"(anonymous_7)","decl":{"start":{"line":121,"column":28},"end":{"line":121,"column":33}},"loc":{"start":{"line":121,"column":42},"end":{"line":210,"column":1}}},"8":{"name":"(anonymous_8)","decl":{"start":{"line":213,"column":28},"end":{"line":213,"column":29}},"loc":{"start":{"line":213,"column":36},"end":{"line":382,"column":1}}},"9":{"name":"(anonymous_9)","decl":{"start":{"line":385,"column":28},"end":{"line":385,"column":33}},"loc":{"start":{"line":385,"column":42},"end":{"line":465,"column":1}}}},"branchMap":{"0":{"loc":{"start":{"line":182,"column":4},"end":{"line":188,"column":null}},"type":"if","locations":[{"start":{"line":182,"column":4},"end":{"line":188,"column":null}}]},"1":{"loc":{"start":{"line":190,"column":4},"end":{"line":196,"column":null}},"type":"if","locations":[{"start":{"line":190,"column":4},"end":{"line":196,"column":null}}]},"2":{"loc":{"start":{"line":198,"column":4},"end":{"line":204,"column":null}},"type":"if","locations":[{"start":{"line":198,"column":4},"end":{"line":204,"column":null}}]},"3":{"loc":{"start":{"line":354,"column":4},"end":{"line":360,"column":null}},"type":"if","locations":[{"start":{"line":354,"column":4},"end":{"line":360,"column":null}}]},"4":{"loc":{"start":{"line":362,"column":4},"end":{"line":368,"column":null}},"type":"if","locations":[{"start":{"line":362,"column":4},"end":{"line":368,"column":null}}]},"5":{"loc":{"start":{"line":370,"column":4},"end":{"line":376,"column":null}},"type":"if","locations":[{"start":{"line":370,"column":4},"end":{"line":376,"column":null}}]},"6":{"loc":{"start":{"line":445,"column":4},"end":{"line":451,"column":null}},"type":"if","locations":[{"start":{"line":445,"column":4},"end":{"line":451,"column":null}}]},"7":{"loc":{"start":{"line":453,"column":4},"end":{"line":459,"column":null}},"type":"if","locations":[{"start":{"line":453,"column":4},"end":{"line":459,"column":null}}]}},"s":{"0":1,"1":1,"2":1,"3":1,"4":1,"5":0,"6":0,"7":0,"8":1,"9":1,"10":0,"11":0,"12":0,"13":1,"14":1,"15":0,"16":0,"17":0,"18":1,"19":1,"20":0,"21":0,"22":0,"23":0,"24":0,"25":0,"26":0,"27":0,"28":0,"29":0,"30":1,"31":1,"32":0,"33":0,"34":0,"35":1,"36":1,"37":0,"38":0,"39":0,"40":0,"41":1,"42":1,"43":0,"44":0,"45":0,"46":0,"47":0,"48":0,"49":0,"50":0,"51":0,"52":0,"53":1,"54":1,"55":0,"56":0,"57":0,"58":0,"59":0,"60":0,"61":0,"62":0,"63":0,"64":0,"65":1,"66":1,"67":0,"68":0,"69":0,"70":0,"71":0,"72":0,"73":0,"74":0,"75":1},"f":{"0":0,"1":0,"2":0,"3":0,"4":0,"5":0,"6":0,"7":0,"8":0,"9":0},"b":{"0":[0],"1":[0],"2":[0],"3":[0],"4":[0],"5":[0],"6":[0],"7":[0]}}
,"/home/dell/Desktop/ERP/ERP-Project/src/modules/Student/student.controller.ts": {"path":"/home/dell/Desktop/ERP/ERP-Project/src/modules/Student/student.controller.ts","statementMap":{"0":{"start":{"line":2,"column":0},"end":{"line":2,"column":30}},"1":{"start":{"line":3,"column":0},"end":{"line":3,"column":26}},"2":{"start":{"line":4,"column":0},"end":{"line":4,"column":31}},"3":{"start":{"line":5,"column":0},"end":{"line":5,"column":20}},"4":{"start":{"line":6,"column":0},"end":{"line":6,"column":null}},"5":{"start":{"line":19,"column":0},"end":{"line":19,"column":46}},"6":{"start":{"line":20,"column":0},"end":{"line":20,"column":42}},"7":{"start":{"line":21,"column":0},"end":{"line":21,"column":51}},"8":{"start":{"line":30,"column":27},"end":{"line":37,"column":1}},"9":{"start":{"line":31,"column":2},"end":{"line":36,"column":null}},"10":{"start":{"line":32,"column":20},"end":{"line":32,"column":40}},"11":{"start":{"line":33,"column":4},"end":{"line":33,"column":90}},"12":{"start":{"line":35,"column":4},"end":{"line":35,"column":16}},"13":{"start":{"line":30,"column":13},"end":{"line":30,"column":27}},"14":{"start":{"line":46,"column":29},"end":{"line":61,"column":1}},"15":{"start":{"line":47,"column":2},"end":{"line":60,"column":null}},"16":{"start":{"line":48,"column":27},"end":{"line":48,"column":35}},"17":{"start":{"line":50,"column":4},"end":{"line":50,"column":39}},"18":{"start":{"line":52,"column":20},"end":{"line":52,"column":46}},"19":{"start":{"line":54,"column":4},"end":{"line":54,"column":42}},"20":{"start":{"line":56,"column":4},"end":{"line":56,"column":64}},"21":{"start":{"line":58,"column":4},"end":{"line":58,"column":52}},"22":{"start":{"line":59,"column":4},"end":{"line":59,"column":16}},"23":{"start":{"line":46,"column":13},"end":{"line":46,"column":29}},"24":{"start":{"line":70,"column":30},"end":{"line":77,"column":1}},"25":{"start":{"line":71,"column":2},"end":{"line":76,"column":null}},"26":{"start":{"line":72,"column":20},"end":{"line":72,"column":56}},"27":{"start":{"line":73,"column":4},"end":{"line":73,"column":64}},"28":{"start":{"line":75,"column":4},"end":{"line":75,"column":16}},"29":{"start":{"line":70,"column":13},"end":{"line":70,"column":30}},"30":{"start":{"line":86,"column":35},"end":{"line":111,"column":1}},"31":{"start":{"line":87,"column":2},"end":{"line":110,"column":null}},"32":{"start":{"line":88,"column":18},"end":{"line":88,"column":29}},"33":{"start":{"line":89,"column":20},"end":{"line":89,"column":55}},"34":{"start":{"line":91,"column":18},"end":{"line":91,"column":39}},"35":{"start":{"line":93,"column":4},"end":{"line":95,"column":null}},"36":{"start":{"line":94,"column":6},"end":{"line":94,"column":44}},"37":{"start":{"line":102,"column":4},"end":{"line":102,"column":41}},"38":{"start":{"line":104,"column":4},"end":{"line":104,"column":25}},"39":{"start":{"line":106,"column":4},"end":{"line":106,"column":64}},"40":{"start":{"line":108,"column":4},"end":{"line":108,"column":56}},"41":{"start":{"line":109,"column":4},"end":{"line":109,"column":16}},"42":{"start":{"line":86,"column":13},"end":{"line":86,"column":35}},"43":{"start":{"line":120,"column":39},"end":{"line":133,"column":1}},"44":{"start":{"line":121,"column":2},"end":{"line":132,"column":null}},"45":{"start":{"line":122,"column":20},"end":{"line":122,"column":65}},"46":{"start":{"line":124,"column":4},"end":{"line":124,"column":54}},"47":{"start":{"line":125,"column":4},"end":{"line":125,"column":40}},"48":{"start":{"line":126,"column":4},"end":{"line":126,"column":64}},"49":{"start":{"line":128,"column":4},"end":{"line":128,"column":90}},"50":{"start":{"line":130,"column":4},"end":{"line":130,"column":55}},"51":{"start":{"line":131,"column":4},"end":{"line":131,"column":16}},"52":{"start":{"line":120,"column":13},"end":{"line":120,"column":39}},"53":{"start":{"line":142,"column":28},"end":{"line":164,"column":1}},"54":{"start":{"line":143,"column":2},"end":{"line":163,"column":null}},"55":{"start":{"line":144,"column":20},"end":{"line":144,"column":60}},"56":{"start":{"line":146,"column":31},"end":{"line":146,"column":88}},"57":{"start":{"line":148,"column":4},"end":{"line":150,"column":null}},"58":{"start":{"line":149,"column":6},"end":{"line":149,"column":78}},"59":{"start":{"line":153,"column":23},"end":{"line":153,"column":84}},"60":{"start":{"line":154,"column":18},"end":{"line":154,"column":111}},"61":{"start":{"line":157,"column":4},"end":{"line":157,"column":30}},"62":{"start":{"line":158,"column":4},"end":{"line":158,"column":25}},"63":{"start":{"line":159,"column":4},"end":{"line":159,"column":90}},"64":{"start":{"line":161,"column":4},"end":{"line":161,"column":44}},"65":{"start":{"line":162,"column":4},"end":{"line":162,"column":16}},"66":{"start":{"line":142,"column":13},"end":{"line":142,"column":28}},"67":{"start":{"line":173,"column":29},"end":{"line":189,"column":1}},"68":{"start":{"line":174,"column":2},"end":{"line":188,"column":null}},"69":{"start":{"line":175,"column":18},"end":{"line":175,"column":29}},"70":{"start":{"line":177,"column":20},"end":{"line":177,"column":46}},"71":{"start":{"line":178,"column":4},"end":{"line":180,"column":null}},"72":{"start":{"line":179,"column":6},"end":{"line":179,"column":50}},"73":{"start":{"line":182,"column":4},"end":{"line":182,"column":34}},"74":{"start":{"line":183,"column":4},"end":{"line":183,"column":25}},"75":{"start":{"line":184,"column":4},"end":{"line":184,"column":64}},"76":{"start":{"line":186,"column":4},"end":{"line":186,"column":59}},"77":{"start":{"line":187,"column":4},"end":{"line":187,"column":16}},"78":{"start":{"line":173,"column":13},"end":{"line":173,"column":29}},"79":{"start":{"line":198,"column":22},"end":{"line":209,"column":1}},"80":{"start":{"line":199,"column":2},"end":{"line":208,"column":null}},"81":{"start":{"line":200,"column":18},"end":{"line":200,"column":29}},"82":{"start":{"line":202,"column":20},"end":{"line":202,"column":46}},"83":{"start":{"line":204,"column":4},"end":{"line":204,"column":87}},"84":{"start":{"line":206,"column":4},"end":{"line":206,"column":54}},"85":{"start":{"line":207,"column":4},"end":{"line":207,"column":16}},"86":{"start":{"line":198,"column":13},"end":{"line":198,"column":22}},"87":{"start":{"line":219,"column":42},"end":{"line":260,"column":1}},"88":{"start":{"line":224,"column":2},"end":{"line":259,"column":null}},"89":{"start":{"line":225,"column":20},"end":{"line":225,"column":56}},"90":{"start":{"line":227,"column":18},"end":{"line":227,"column":39}},"91":{"start":{"line":229,"column":4},"end":{"line":231,"column":null}},"92":{"start":{"line":230,"column":6},"end":{"line":230,"column":44}},"93":{"start":{"line":234,"column":4},"end":{"line":255,"column":null}},"94":{"start":{"line":235,"column":6},"end":{"line":235,"column":54}},"95":{"start":{"line":236,"column":6},"end":{"line":236,"column":56}},"96":{"start":{"line":238,"column":6},"end":{"line":240,"column":null}},"97":{"start":{"line":239,"column":8},"end":{"line":239,"column":49}},"98":{"start":{"line":242,"column":6},"end":{"line":242,"column":52}},"99":{"start":{"line":244,"column":6},"end":{"line":244,"column":27}},"100":{"start":{"line":246,"column":6},"end":{"line":246,"column":92}},"101":{"start":{"line":248,"column":6},"end":{"line":250,"column":null}},"102":{"start":{"line":249,"column":8},"end":{"line":249,"column":49}},"103":{"start":{"line":252,"column":6},"end":{"line":252,"column":27}},"104":{"start":{"line":254,"column":6},"end":{"line":254,"column":92}},"105":{"start":{"line":257,"column":4},"end":{"line":257,"column":45}},"106":{"start":{"line":258,"column":4},"end":{"line":258,"column":16}},"107":{"start":{"line":219,"column":13},"end":{"line":219,"column":42}}},"fnMap":{"0":{"name":"(anonymous_1)","decl":{"start":{"line":30,"column":27},"end":{"line":30,"column":32}},"loc":{"start":{"line":30,"column":104},"end":{"line":37,"column":1}}},"1":{"name":"(anonymous_2)","decl":{"start":{"line":46,"column":29},"end":{"line":46,"column":34}},"loc":{"start":{"line":46,"column":106},"end":{"line":61,"column":1}}},"2":{"name":"(anonymous_3)","decl":{"start":{"line":70,"column":30},"end":{"line":70,"column":35}},"loc":{"start":{"line":70,"column":107},"end":{"line":77,"column":1}}},"3":{"name":"(anonymous_4)","decl":{"start":{"line":86,"column":35},"end":{"line":86,"column":40}},"loc":{"start":{"line":86,"column":112},"end":{"line":111,"column":1}}},"4":{"name":"(anonymous_5)","decl":{"start":{"line":120,"column":39},"end":{"line":120,"column":44}},"loc":{"start":{"line":120,"column":116},"end":{"line":133,"column":1}}},"5":{"name":"(anonymous_6)","decl":{"start":{"line":142,"column":28},"end":{"line":142,"column":33}},"loc":{"start":{"line":142,"column":105},"end":{"line":164,"column":1}}},"6":{"name":"(anonymous_7)","decl":{"start":{"line":173,"column":29},"end":{"line":173,"column":34}},"loc":{"start":{"line":173,"column":106},"end":{"line":189,"column":1}}},"7":{"name":"(anonymous_8)","decl":{"start":{"line":198,"column":22},"end":{"line":198,"column":27}},"loc":{"start":{"line":198,"column":99},"end":{"line":209,"column":1}}},"8":{"name":"(anonymous_9)","decl":{"start":{"line":219,"column":42},"end":{"line":219,"column":47}},"loc":{"start":{"line":223,"column":23},"end":{"line":260,"column":1}}}},"branchMap":{"0":{"loc":{"start":{"line":33,"column":54},"end":{"line":33,"column":87}},"type":"binary-expr","locations":[{"start":{"line":33,"column":54},"end":{"line":33,"column":61}},{"start":{"line":33,"column":65},"end":{"line":33,"column":87}}]},"1":{"loc":{"start":{"line":93,"column":4},"end":{"line":95,"column":null}},"type":"if","locations":[{"start":{"line":93,"column":4},"end":{"line":95,"column":null}}]},"2":{"loc":{"start":{"line":128,"column":54},"end":{"line":128,"column":87}},"type":"binary-expr","locations":[{"start":{"line":128,"column":54},"end":{"line":128,"column":61}},{"start":{"line":128,"column":65},"end":{"line":128,"column":87}}]},"3":{"loc":{"start":{"line":148,"column":4},"end":{"line":150,"column":null}},"type":"if","locations":[{"start":{"line":148,"column":4},"end":{"line":150,"column":null}}]},"4":{"loc":{"start":{"line":159,"column":54},"end":{"line":159,"column":87}},"type":"binary-expr","locations":[{"start":{"line":159,"column":54},"end":{"line":159,"column":61}},{"start":{"line":159,"column":65},"end":{"line":159,"column":87}}]},"5":{"loc":{"start":{"line":178,"column":4},"end":{"line":180,"column":null}},"type":"if","locations":[{"start":{"line":178,"column":4},"end":{"line":180,"column":null}}]},"6":{"loc":{"start":{"line":204,"column":54},"end":{"line":204,"column":84}},"type":"binary-expr","locations":[{"start":{"line":204,"column":54},"end":{"line":204,"column":61}},{"start":{"line":204,"column":65},"end":{"line":204,"column":84}}]},"7":{"loc":{"start":{"line":229,"column":4},"end":{"line":231,"column":null}},"type":"if","locations":[{"start":{"line":229,"column":4},"end":{"line":231,"column":null}}]},"8":{"loc":{"start":{"line":234,"column":4},"end":{"line":255,"column":null}},"type":"if","locations":[{"start":{"line":234,"column":4},"end":{"line":255,"column":null}},{"start":{"line":247,"column":11},"end":{"line":255,"column":null}}]},"9":{"loc":{"start":{"line":246,"column":56},"end":{"line":246,"column":89}},"type":"binary-expr","locations":[{"start":{"line":246,"column":56},"end":{"line":246,"column":63}},{"start":{"line":246,"column":67},"end":{"line":246,"column":89}}]},"10":{"loc":{"start":{"line":254,"column":56},"end":{"line":254,"column":89}},"type":"binary-expr","locations":[{"start":{"line":254,"column":56},"end":{"line":254,"column":63}},{"start":{"line":254,"column":67},"end":{"line":254,"column":89}}]}},"s":{"0":1,"1":1,"2":1,"3":1,"4":1,"5":1,"6":1,"7":1,"8":1,"9":0,"10":0,"11":0,"12":0,"13":1,"14":1,"15":0,"16":0,"17":0,"18":0,"19":0,"20":0,"21":0,"22":0,"23":1,"24":1,"25":0,"26":0,"27":0,"28":0,"29":1,"30":1,"31":0,"32":0,"33":0,"34":0,"35":0,"36":0,"37":0,"38":0,"39":0,"40":0,"41":0,"42":1,"43":1,"44":0,"45":0,"46":0,"47":0,"48":0,"49":0,"50":0,"51":0,"52":1,"53":1,"54":0,"55":0,"56":0,"57":0,"58":0,"59":0,"60":0,"61":0,"62":0,"63":0,"64":0,"65":0,"66":1,"67":1,"68":0,"69":0,"70":0,"71":0,"72":0,"73":0,"74":0,"75":0,"76":0,"77":0,"78":1,"79":1,"80":0,"81":0,"82":0,"83":0,"84":0,"85":0,"86":1,"87":1,"88":0,"89":0,"90":0,"91":0,"92":0,"93":0,"94":0,"95":0,"96":0,"97":0,"98":0,"99":0,"100":0,"101":0,"102":0,"103":0,"104":0,"105":0,"106":0,"107":1},"f":{"0":0,"1":0,"2":0,"3":0,"4":0,"5":0,"6":0,"7":0,"8":0},"b":{"0":[0,0],"1":[0],"2":[0,0],"3":[0],"4":[0,0],"5":[0],"6":[0,0],"7":[0],"8":[0,0],"9":[0,0],"10":[0,0]}}
,"/home/dell/Desktop/ERP/ERP-Project/src/modules/Student/student.helper.ts": {"path":"/home/dell/Desktop/ERP/ERP-Project/src/modules/Student/student.helper.ts","statementMap":{"0":{"start":{"line":1,"column":0},"end":{"line":1,"column":39}},"1":{"start":{"line":2,"column":0},"end":{"line":2,"column":46}},"2":{"start":{"line":4,"column":39},"end":{"line":23,"column":1}},"3":{"start":{"line":5,"column":2},"end":{"line":22,"column":4}},"4":{"start":{"line":13,"column":25},"end":{"line":13,"column":46}},"5":{"start":{"line":14,"column":31},"end":{"line":14,"column":52}},"6":{"start":{"line":16,"column":8},"end":{"line":18,"column":null}},"7":{"start":{"line":17,"column":10},"end":{"line":17,"column":71}},"8":{"start":{"line":20,"column":8},"end":{"line":20,"column":20}},"9":{"start":{"line":4,"column":13},"end":{"line":4,"column":39}},"10":{"start":{"line":25,"column":36},"end":{"line":27,"column":1}},"11":{"start":{"line":26,"column":2},"end":{"line":26,"column":85}},"12":{"start":{"line":25,"column":13},"end":{"line":25,"column":36}}},"fnMap":{"0":{"name":"(anonymous_0)","decl":{"start":{"line":4,"column":39},"end":{"line":4,"column":42}},"loc":{"start":{"line":4,"column":44},"end":{"line":23,"column":1}}},"1":{"name":"(anonymous_1)","decl":{"start":{"line":11,"column":14},"end":{"line":11,"column":15}},"loc":{"start":{"line":11,"column":31},"end":{"line":21,"column":7}}},"2":{"name":"(anonymous_2)","decl":{"start":{"line":25,"column":36},"end":{"line":25,"column":39}},"loc":{"start":{"line":25,"column":41},"end":{"line":27,"column":1}}}},"branchMap":{"0":{"loc":{"start":{"line":16,"column":8},"end":{"line":18,"column":null}},"type":"if","locations":[{"start":{"line":16,"column":8},"end":{"line":18,"column":null}}]}},"s":{"0":1,"1":1,"2":1,"3":1,"4":0,"5":0,"6":0,"7":0,"8":0,"9":1,"10":1,"11":1,"12":1},"f":{"0":1,"1":0,"2":1},"b":{"0":[0]}}
,"/home/dell/Desktop/ERP/ERP-Project/src/modules/Student/student.model.ts": {"path":"/home/dell/Desktop/ERP/ERP-Project/src/modules/Student/student.model.ts","statementMap":{"0":{"start":{"line":2,"column":0},"end":{"line":2,"column":30}},"1":{"start":{"line":3,"column":0},"end":{"line":3,"column":39}},"2":{"start":{"line":4,"column":0},"end":{"line":4,"column":39}},"3":{"start":{"line":6,"column":22},"end":{"line":50,"column":2}},"4":{"start":{"line":52,"column":0},"end":{"line":61,"column":3}},"5":{"start":{"line":53,"column":2},"end":{"line":60,"column":null}},"6":{"start":{"line":54,"column":4},"end":{"line":56,"column":null}},"7":{"start":{"line":55,"column":6},"end":{"line":55,"column":59}},"8":{"start":{"line":57,"column":4},"end":{"line":57,"column":11}},"9":{"start":{"line":59,"column":4},"end":{"line":59,"column":16}},"10":{"start":{"line":62,"column":13},"end":{"line":62,"column":55}}},"fnMap":{"0":{"name":"(anonymous_1)","decl":{"start":{"line":52,"column":26},"end":{"line":52,"column":31}},"loc":{"start":{"line":52,"column":60},"end":{"line":61,"column":1}}}},"branchMap":{"0":{"loc":{"start":{"line":54,"column":4},"end":{"line":56,"column":null}},"type":"if","locations":[{"start":{"line":54,"column":4},"end":{"line":56,"column":null}}]}},"s":{"0":1,"1":1,"2":1,"3":1,"4":1,"5":0,"6":0,"7":0,"8":0,"9":0,"10":1},"f":{"0":0},"b":{"0":[0]}}
,"/home/dell/Desktop/ERP/ERP-Project/src/modules/Student/student.routes.ts": {"path":"/home/dell/Desktop/ERP/ERP-Project/src/modules/Student/student.routes.ts","statementMap":{"0":{"start":{"line":1,"column":0},"end":{"line":1,"column":31}},"1":{"start":{"line":2,"column":0},"end":{"line":2,"column":43}},"2":{"start":{"line":3,"column":0},"end":{"line":3,"column":null}},"3":{"start":{"line":14,"column":0},"end":{"line":14,"column":61}},"4":{"start":{"line":18,"column":0},"end":{"line":18,"column":79}},"5":{"start":{"line":20,"column":13},"end":{"line":20,"column":31}},"6":{"start":{"line":22,"column":14},"end":{"line":22,"column":24}},"7":{"start":{"line":25,"column":0},"end":{"line":25,"column":78}},"8":{"start":{"line":28,"column":0},"end":{"line":28,"column":41}},"9":{"start":{"line":31,"column":0},"end":{"line":31,"column":85}},"10":{"start":{"line":34,"column":0},"end":{"line":40,"column":2}},"11":{"start":{"line":43,"column":0},"end":{"line":49,"column":2}},"12":{"start":{"line":52,"column":0},"end":{"line":52,"column":104}},"13":{"start":{"line":55,"column":0},"end":{"line":55,"column":45}},"14":{"start":{"line":58,"column":0},"end":{"line":58,"column":53}},"15":{"start":{"line":61,"column":0},"end":{"line":61,"column":85}}},"fnMap":{},"branchMap":{},"s":{"0":1,"1":1,"2":1,"3":1,"4":1,"5":1,"6":1,"7":1,"8":1,"9":1,"10":1,"11":1,"12":1,"13":1,"14":1,"15":1},"f":{},"b":{}}
,"/home/dell/Desktop/ERP/ERP-Project/src/modules/Student/student.services.ts": {"path":"/home/dell/Desktop/ERP/ERP-Project/src/modules/Student/student.services.ts","statementMap":{"0":{"start":{"line":2,"column":0},"end":{"line":2,"column":40}},"1":{"start":{"line":4,"column":0},"end":{"line":4,"column":46}},"2":{"start":{"line":5,"column":0},"end":{"line":5,"column":42}},"3":{"start":{"line":6,"column":0},"end":{"line":6,"column":58}},"4":{"start":{"line":7,"column":0},"end":{"line":7,"column":69}},"5":{"start":{"line":8,"column":0},"end":{"line":8,"column":58}},"6":{"start":{"line":11,"column":32},"end":{"line":17,"column":1}},"7":{"start":{"line":12,"column":2},"end":{"line":16,"column":null}},"8":{"start":{"line":13,"column":4},"end":{"line":13,"column":57}},"9":{"start":{"line":15,"column":4},"end":{"line":15,"column":34}},"10":{"start":{"line":11,"column":13},"end":{"line":11,"column":32}},"11":{"start":{"line":20,"column":34},"end":{"line":30,"column":1}},"12":{"start":{"line":21,"column":2},"end":{"line":29,"column":null}},"13":{"start":{"line":22,"column":26},"end":{"line":22,"column":74}},"14":{"start":{"line":24,"column":4},"end":{"line":26,"column":null}},"15":{"start":{"line":25,"column":6},"end":{"line":25,"column":34}},"16":{"start":{"line":28,"column":4},"end":{"line":28,"column":34}},"17":{"start":{"line":20,"column":13},"end":{"line":20,"column":34}},"18":{"start":{"line":33,"column":30},"end":{"line":43,"column":1}},"19":{"start":{"line":34,"column":2},"end":{"line":42,"column":null}},"20":{"start":{"line":35,"column":23},"end":{"line":35,"column":61}},"21":{"start":{"line":37,"column":4},"end":{"line":39,"column":null}},"22":{"start":{"line":38,"column":6},"end":{"line":38,"column":34}},"23":{"start":{"line":41,"column":4},"end":{"line":41,"column":34}},"24":{"start":{"line":33,"column":13},"end":{"line":33,"column":30}},"25":{"start":{"line":46,"column":33},"end":{"line":55,"column":1}},"26":{"start":{"line":47,"column":2},"end":{"line":54,"column":null}},"27":{"start":{"line":48,"column":23},"end":{"line":48,"column":61}},"28":{"start":{"line":49,"column":4},"end":{"line":49,"column":31}},"29":{"start":{"line":51,"column":4},"end":{"line":51,"column":28}},"30":{"start":{"line":53,"column":4},"end":{"line":53,"column":56}},"31":{"start":{"line":46,"column":13},"end":{"line":46,"column":33}},"32":{"start":{"line":58,"column":37},"end":{"line":73,"column":1}},"33":{"start":{"line":59,"column":2},"end":{"line":72,"column":null}},"34":{"start":{"line":60,"column":23},"end":{"line":60,"column":61}},"35":{"start":{"line":62,"column":4},"end":{"line":64,"column":null}},"36":{"start":{"line":63,"column":6},"end":{"line":63,"column":30}},"37":{"start":{"line":66,"column":4},"end":{"line":66,"column":60}},"38":{"start":{"line":67,"column":4},"end":{"line":67,"column":42}},"39":{"start":{"line":69,"column":4},"end":{"line":69,"column":28}},"40":{"start":{"line":71,"column":4},"end":{"line":71,"column":34}},"41":{"start":{"line":58,"column":13},"end":{"line":58,"column":37}},"42":{"start":{"line":76,"column":28},"end":{"line":83,"column":1}},"43":{"start":{"line":77,"column":2},"end":{"line":82,"column":null}},"44":{"start":{"line":78,"column":4},"end":{"line":78,"column":32}},"45":{"start":{"line":80,"column":4},"end":{"line":80,"column":42}},"46":{"start":{"line":81,"column":4},"end":{"line":81,"column":34}},"47":{"start":{"line":76,"column":13},"end":{"line":76,"column":28}},"48":{"start":{"line":86,"column":26},"end":{"line":93,"column":1}},"49":{"start":{"line":87,"column":2},"end":{"line":92,"column":null}},"50":{"start":{"line":88,"column":4},"end":{"line":88,"column":41}},"51":{"start":{"line":90,"column":4},"end":{"line":90,"column":41}},"52":{"start":{"line":91,"column":4},"end":{"line":91,"column":34}},"53":{"start":{"line":86,"column":13},"end":{"line":86,"column":26}},"54":{"start":{"line":96,"column":31},"end":{"line":103,"column":1}},"55":{"start":{"line":97,"column":2},"end":{"line":102,"column":null}},"56":{"start":{"line":98,"column":4},"end":{"line":98,"column":39}},"57":{"start":{"line":100,"column":4},"end":{"line":100,"column":60}},"58":{"start":{"line":101,"column":4},"end":{"line":101,"column":34}},"59":{"start":{"line":96,"column":13},"end":{"line":96,"column":31}},"60":{"start":{"line":106,"column":40},"end":{"line":113,"column":1}},"61":{"start":{"line":107,"column":2},"end":{"line":112,"column":null}},"62":{"start":{"line":108,"column":4},"end":{"line":108,"column":48}},"63":{"start":{"line":110,"column":4},"end":{"line":110,"column":76}},"64":{"start":{"line":111,"column":4},"end":{"line":111,"column":34}},"65":{"start":{"line":106,"column":13},"end":{"line":106,"column":40}},"66":{"start":{"line":116,"column":40},"end":{"line":123,"column":1}},"67":{"start":{"line":117,"column":2},"end":{"line":122,"column":null}},"68":{"start":{"line":118,"column":4},"end":{"line":118,"column":48}},"69":{"start":{"line":120,"column":4},"end":{"line":120,"column":72}},"70":{"start":{"line":121,"column":4},"end":{"line":121,"column":34}},"71":{"start":{"line":116,"column":13},"end":{"line":116,"column":40}},"72":{"start":{"line":127,"column":34},"end":{"line":134,"column":1}},"73":{"start":{"line":128,"column":2},"end":{"line":133,"column":null}},"74":{"start":{"line":129,"column":4},"end":{"line":129,"column":49}},"75":{"start":{"line":131,"column":4},"end":{"line":131,"column":70}},"76":{"start":{"line":132,"column":4},"end":{"line":132,"column":34}},"77":{"start":{"line":127,"column":13},"end":{"line":127,"column":34}}},"fnMap":{"0":{"name":"(anonymous_0)","decl":{"start":{"line":11,"column":32},"end":{"line":11,"column":37}},"loc":{"start":{"line":11,"column":68},"end":{"line":17,"column":1}}},"1":{"name":"(anonymous_1)","decl":{"start":{"line":20,"column":34},"end":{"line":20,"column":39}},"loc":{"start":{"line":20,"column":75},"end":{"line":30,"column":1}}},"2":{"name":"(anonymous_2)","decl":{"start":{"line":33,"column":30},"end":{"line":33,"column":35}},"loc":{"start":{"line":33,"column":68},"end":{"line":43,"column":1}}},"3":{"name":"(anonymous_3)","decl":{"start":{"line":46,"column":33},"end":{"line":46,"column":38}},"loc":{"start":{"line":46,"column":71},"end":{"line":55,"column":1}}},"4":{"name":"(anonymous_4)","decl":{"start":{"line":58,"column":37},"end":{"line":58,"column":42}},"loc":{"start":{"line":58,"column":75},"end":{"line":73,"column":1}}},"5":{"name":"(anonymous_5)","decl":{"start":{"line":76,"column":28},"end":{"line":76,"column":33}},"loc":{"start":{"line":76,"column":60},"end":{"line":83,"column":1}}},"6":{"name":"(anonymous_6)","decl":{"start":{"line":86,"column":26},"end":{"line":86,"column":31}},"loc":{"start":{"line":86,"column":61},"end":{"line":93,"column":1}}},"7":{"name":"(anonymous_7)","decl":{"start":{"line":96,"column":31},"end":{"line":96,"column":36}},"loc":{"start":{"line":96,"column":64},"end":{"line":103,"column":1}}},"8":{"name":"(anonymous_8)","decl":{"start":{"line":106,"column":40},"end":{"line":106,"column":45}},"loc":{"start":{"line":106,"column":73},"end":{"line":113,"column":1}}},"9":{"name":"(anonymous_9)","decl":{"start":{"line":116,"column":40},"end":{"line":116,"column":45}},"loc":{"start":{"line":116,"column":73},"end":{"line":123,"column":1}}},"10":{"name":"(anonymous_10)","decl":{"start":{"line":127,"column":34},"end":{"line":127,"column":39}},"loc":{"start":{"line":127,"column":69},"end":{"line":134,"column":1}}}},"branchMap":{"0":{"loc":{"start":{"line":24,"column":4},"end":{"line":26,"column":null}},"type":"if","locations":[{"start":{"line":24,"column":4},"end":{"line":26,"column":null}}]},"1":{"loc":{"start":{"line":37,"column":4},"end":{"line":39,"column":null}},"type":"if","locations":[{"start":{"line":37,"column":4},"end":{"line":39,"column":null}}]},"2":{"loc":{"start":{"line":62,"column":4},"end":{"line":64,"column":null}},"type":"if","locations":[{"start":{"line":62,"column":4},"end":{"line":64,"column":null}}]}},"s":{"0":1,"1":1,"2":1,"3":1,"4":1,"5":1,"6":1,"7":0,"8":0,"9":0,"10":1,"11":1,"12":0,"13":0,"14":0,"15":0,"16":0,"17":1,"18":1,"19":0,"20":0,"21":0,"22":0,"23":0,"24":1,"25":1,"26":0,"27":0,"28":0,"29":0,"30":0,"31":1,"32":1,"33":0,"34":0,"35":0,"36":0,"37":0,"38":0,"39":0,"40":0,"41":1,"42":1,"43":0,"44":0,"45":0,"46":0,"47":1,"48":1,"49":0,"50":0,"51":0,"52":0,"53":1,"54":1,"55":0,"56":0,"57":0,"58":0,"59":1,"60":1,"61":0,"62":0,"63":0,"64":0,"65":1,"66":1,"67":0,"68":0,"69":0,"70":0,"71":1,"72":1,"73":0,"74":0,"75":0,"76":0,"77":1},"f":{"0":0,"1":0,"2":0,"3":0,"4":0,"5":0,"6":0,"7":0,"8":0,"9":0,"10":0},"b":{"0":[0],"1":[0],"2":[0]}}
,"/home/dell/Desktop/ERP/ERP-Project/src/modules/User/user.controllers.ts": {"path":"/home/dell/Desktop/ERP/ERP-Project/src/modules/User/user.controllers.ts","statementMap":{"0":{"start":{"line":2,"column":0},"end":{"line":2,"column":30}},"1":{"start":{"line":3,"column":0},"end":{"line":3,"column":20}},"2":{"start":{"line":4,"column":0},"end":{"line":4,"column":31}},"3":{"start":{"line":5,"column":0},"end":{"line":5,"column":26}},"4":{"start":{"line":6,"column":0},"end":{"line":6,"column":null}},"5":{"start":{"line":14,"column":0},"end":{"line":14,"column":46}},"6":{"start":{"line":15,"column":0},"end":{"line":15,"column":42}},"7":{"start":{"line":25,"column":24},"end":{"line":38,"column":1}},"8":{"start":{"line":26,"column":2},"end":{"line":37,"column":null}},"9":{"start":{"line":27,"column":18},"end":{"line":27,"column":35}},"10":{"start":{"line":33,"column":4},"end":{"line":33,"column":85}},"11":{"start":{"line":35,"column":4},"end":{"line":35,"column":14}},"12":{"start":{"line":25,"column":13},"end":{"line":25,"column":24}},"13":{"start":{"line":47,"column":26},"end":{"line":62,"column":1}},"14":{"start":{"line":48,"column":2},"end":{"line":61,"column":null}},"15":{"start":{"line":54,"column":17},"end":{"line":54,"column":40}},"16":{"start":{"line":55,"column":4},"end":{"line":55,"column":22}},"17":{"start":{"line":57,"column":4},"end":{"line":57,"column":61}},"18":{"start":{"line":59,"column":4},"end":{"line":59,"column":50}},"19":{"start":{"line":60,"column":4},"end":{"line":60,"column":14}},"20":{"start":{"line":47,"column":13},"end":{"line":47,"column":26}},"21":{"start":{"line":71,"column":27},"end":{"line":85,"column":1}},"22":{"start":{"line":72,"column":2},"end":{"line":84,"column":null}},"23":{"start":{"line":73,"column":17},"end":{"line":73,"column":50}},"24":{"start":{"line":78,"column":4},"end":{"line":78,"column":24}},"25":{"start":{"line":80,"column":4},"end":{"line":80,"column":84}},"26":{"start":{"line":82,"column":4},"end":{"line":82,"column":52}},"27":{"start":{"line":83,"column":4},"end":{"line":83,"column":16}},"28":{"start":{"line":71,"column":13},"end":{"line":71,"column":27}},"29":{"start":{"line":94,"column":36},"end":{"line":132,"column":1}},"30":{"start":{"line":95,"column":2},"end":{"line":131,"column":null}},"31":{"start":{"line":96,"column":18},"end":{"line":96,"column":29}},"32":{"start":{"line":97,"column":17},"end":{"line":97,"column":49}},"33":{"start":{"line":103,"column":4},"end":{"line":103,"column":38}},"34":{"start":{"line":116,"column":4},"end":{"line":119,"column":null}},"35":{"start":{"line":117,"column":6},"end":{"line":117,"column":58}},"36":{"start":{"line":118,"column":6},"end":{"line":118,"column":69}},"37":{"start":{"line":121,"column":4},"end":{"line":121,"column":38}},"38":{"start":{"line":123,"column":4},"end":{"line":123,"column":42}},"39":{"start":{"line":125,"column":4},"end":{"line":125,"column":22}},"40":{"start":{"line":127,"column":4},"end":{"line":127,"column":84}},"41":{"start":{"line":129,"column":4},"end":{"line":129,"column":56}},"42":{"start":{"line":130,"column":4},"end":{"line":130,"column":16}},"43":{"start":{"line":94,"column":13},"end":{"line":94,"column":36}},"44":{"start":{"line":141,"column":39},"end":{"line":165,"column":1}},"45":{"start":{"line":142,"column":2},"end":{"line":164,"column":null}},"46":{"start":{"line":144,"column":17},"end":{"line":144,"column":59}},"47":{"start":{"line":150,"column":4},"end":{"line":150,"column":38}},"48":{"start":{"line":152,"column":4},"end":{"line":154,"column":null}},"49":{"start":{"line":153,"column":6},"end":{"line":153,"column":44}},"50":{"start":{"line":156,"column":4},"end":{"line":156,"column":42}},"51":{"start":{"line":158,"column":4},"end":{"line":158,"column":22}},"52":{"start":{"line":160,"column":4},"end":{"line":160,"column":84}},"53":{"start":{"line":162,"column":4},"end":{"line":162,"column":45}},"54":{"start":{"line":163,"column":4},"end":{"line":163,"column":16}},"55":{"start":{"line":141,"column":13},"end":{"line":141,"column":39}},"56":{"start":{"line":174,"column":36},"end":{"line":189,"column":1}},"57":{"start":{"line":175,"column":2},"end":{"line":188,"column":null}},"58":{"start":{"line":176,"column":17},"end":{"line":176,"column":59}},"59":{"start":{"line":182,"column":4},"end":{"line":182,"column":61}},"60":{"start":{"line":184,"column":4},"end":{"line":184,"column":84}},"61":{"start":{"line":186,"column":4},"end":{"line":186,"column":52}},"62":{"start":{"line":187,"column":4},"end":{"line":187,"column":16}},"63":{"start":{"line":174,"column":13},"end":{"line":174,"column":36}},"64":{"start":{"line":200,"column":25},"end":{"line":225,"column":1}},"65":{"start":{"line":201,"column":2},"end":{"line":224,"column":null}},"66":{"start":{"line":202,"column":17},"end":{"line":202,"column":54}},"67":{"start":{"line":207,"column":31},"end":{"line":207,"column":85}},"68":{"start":{"line":209,"column":4},"end":{"line":211,"column":null}},"69":{"start":{"line":210,"column":6},"end":{"line":210,"column":78}},"70":{"start":{"line":214,"column":23},"end":{"line":214,"column":84}},"71":{"start":{"line":215,"column":18},"end":{"line":215,"column":105}},"72":{"start":{"line":218,"column":4},"end":{"line":218,"column":27}},"73":{"start":{"line":219,"column":4},"end":{"line":219,"column":22}},"74":{"start":{"line":220,"column":4},"end":{"line":220,"column":84}},"75":{"start":{"line":222,"column":4},"end":{"line":222,"column":44}},"76":{"start":{"line":223,"column":4},"end":{"line":223,"column":16}},"77":{"start":{"line":200,"column":13},"end":{"line":200,"column":25}},"78":{"start":{"line":234,"column":26},"end":{"line":250,"column":1}},"79":{"start":{"line":235,"column":2},"end":{"line":249,"column":null}},"80":{"start":{"line":236,"column":18},"end":{"line":236,"column":29}},"81":{"start":{"line":238,"column":17},"end":{"line":238,"column":40}},"82":{"start":{"line":239,"column":4},"end":{"line":241,"column":null}},"83":{"start":{"line":240,"column":6},"end":{"line":240,"column":47}},"84":{"start":{"line":243,"column":4},"end":{"line":243,"column":31}},"85":{"start":{"line":244,"column":4},"end":{"line":244,"column":16}},"86":{"start":{"line":245,"column":4},"end":{"line":245,"column":61}},"87":{"start":{"line":247,"column":4},"end":{"line":247,"column":56}},"88":{"start":{"line":248,"column":4},"end":{"line":248,"column":16}},"89":{"start":{"line":234,"column":13},"end":{"line":234,"column":26}},"90":{"start":{"line":259,"column":22},"end":{"line":275,"column":1}},"91":{"start":{"line":260,"column":2},"end":{"line":274,"column":null}},"92":{"start":{"line":261,"column":18},"end":{"line":261,"column":29}},"93":{"start":{"line":263,"column":17},"end":{"line":263,"column":40}},"94":{"start":{"line":270,"column":4},"end":{"line":270,"column":81}},"95":{"start":{"line":272,"column":4},"end":{"line":272,"column":54}},"96":{"start":{"line":273,"column":4},"end":{"line":273,"column":16}},"97":{"start":{"line":259,"column":13},"end":{"line":259,"column":22}}},"fnMap":{"0":{"name":"(anonymous_1)","decl":{"start":{"line":25,"column":24},"end":{"line":25,"column":29}},"loc":{"start":{"line":25,"column":101},"end":{"line":38,"column":1}}},"1":{"name":"(anonymous_2)","decl":{"start":{"line":47,"column":26},"end":{"line":47,"column":31}},"loc":{"start":{"line":47,"column":103},"end":{"line":62,"column":1}}},"2":{"name":"(anonymous_3)","decl":{"start":{"line":71,"column":27},"end":{"line":71,"column":32}},"loc":{"start":{"line":71,"column":104},"end":{"line":85,"column":1}}},"3":{"name":"(anonymous_4)","decl":{"start":{"line":94,"column":36},"end":{"line":94,"column":41}},"loc":{"start":{"line":94,"column":113},"end":{"line":132,"column":1}}},"4":{"name":"(anonymous_5)","decl":{"start":{"line":141,"column":39},"end":{"line":141,"column":44}},"loc":{"start":{"line":141,"column":116},"end":{"line":165,"column":1}}},"5":{"name":"(anonymous_6)","decl":{"start":{"line":174,"column":36},"end":{"line":174,"column":41}},"loc":{"start":{"line":174,"column":113},"end":{"line":189,"column":1}}},"6":{"name":"(anonymous_7)","decl":{"start":{"line":200,"column":25},"end":{"line":200,"column":30}},"loc":{"start":{"line":200,"column":102},"end":{"line":225,"column":1}}},"7":{"name":"(anonymous_8)","decl":{"start":{"line":234,"column":26},"end":{"line":234,"column":31}},"loc":{"start":{"line":234,"column":103},"end":{"line":250,"column":1}}},"8":{"name":"(anonymous_9)","decl":{"start":{"line":259,"column":22},"end":{"line":259,"column":27}},"loc":{"start":{"line":259,"column":99},"end":{"line":275,"column":1}}}},"branchMap":{"0":{"loc":{"start":{"line":33,"column":54},"end":{"line":33,"column":82}},"type":"binary-expr","locations":[{"start":{"line":33,"column":54},"end":{"line":33,"column":59}},{"start":{"line":33,"column":63},"end":{"line":33,"column":82}}]},"1":{"loc":{"start":{"line":80,"column":54},"end":{"line":80,"column":81}},"type":"binary-expr","locations":[{"start":{"line":80,"column":54},"end":{"line":80,"column":58}},{"start":{"line":80,"column":62},"end":{"line":80,"column":81}}]},"2":{"loc":{"start":{"line":116,"column":4},"end":{"line":119,"column":null}},"type":"if","locations":[{"start":{"line":116,"column":4},"end":{"line":119,"column":null}}]},"3":{"loc":{"start":{"line":127,"column":54},"end":{"line":127,"column":81}},"type":"binary-expr","locations":[{"start":{"line":127,"column":54},"end":{"line":127,"column":58}},{"start":{"line":127,"column":62},"end":{"line":127,"column":81}}]},"4":{"loc":{"start":{"line":160,"column":54},"end":{"line":160,"column":81}},"type":"binary-expr","locations":[{"start":{"line":160,"column":54},"end":{"line":160,"column":58}},{"start":{"line":160,"column":62},"end":{"line":160,"column":81}}]},"5":{"loc":{"start":{"line":184,"column":54},"end":{"line":184,"column":81}},"type":"binary-expr","locations":[{"start":{"line":184,"column":54},"end":{"line":184,"column":58}},{"start":{"line":184,"column":62},"end":{"line":184,"column":81}}]},"6":{"loc":{"start":{"line":209,"column":4},"end":{"line":211,"column":null}},"type":"if","locations":[{"start":{"line":209,"column":4},"end":{"line":211,"column":null}}]},"7":{"loc":{"start":{"line":220,"column":54},"end":{"line":220,"column":81}},"type":"binary-expr","locations":[{"start":{"line":220,"column":54},"end":{"line":220,"column":58}},{"start":{"line":220,"column":62},"end":{"line":220,"column":81}}]},"8":{"loc":{"start":{"line":239,"column":4},"end":{"line":241,"column":null}},"type":"if","locations":[{"start":{"line":239,"column":4},"end":{"line":241,"column":null}}]},"9":{"loc":{"start":{"line":270,"column":54},"end":{"line":270,"column":78}},"type":"binary-expr","locations":[{"start":{"line":270,"column":54},"end":{"line":270,"column":58}},{"start":{"line":270,"column":62},"end":{"line":270,"column":78}}]}},"s":{"0":1,"1":1,"2":1,"3":1,"4":1,"5":1,"6":1,"7":1,"8":0,"9":0,"10":0,"11":0,"12":1,"13":1,"14":0,"15":0,"16":0,"17":0,"18":0,"19":0,"20":1,"21":1,"22":0,"23":0,"24":0,"25":0,"26":0,"27":0,"28":1,"29":1,"30":0,"31":0,"32":0,"33":0,"34":0,"35":0,"36":0,"37":0,"38":0,"39":0,"40":0,"41":0,"42":0,"43":1,"44":1,"45":0,"46":0,"47":0,"48":0,"49":0,"50":0,"51":0,"52":0,"53":0,"54":0,"55":1,"56":1,"57":0,"58":0,"59":0,"60":0,"61":0,"62":0,"63":1,"64":1,"65":0,"66":0,"67":0,"68":0,"69":0,"70":0,"71":0,"72":0,"73":0,"74":0,"75":0,"76":0,"77":1,"78":1,"79":0,"80":0,"81":0,"82":0,"83":0,"84":0,"85":0,"86":0,"87":0,"88":0,"89":1,"90":1,"91":0,"92":0,"93":0,"94":0,"95":0,"96":0,"97":1},"f":{"0":0,"1":0,"2":0,"3":0,"4":0,"5":0,"6":0,"7":0,"8":0},"b":{"0":[0,0],"1":[0,0],"2":[0],"3":[0,0],"4":[0,0],"5":[0,0],"6":[0],"7":[0,0],"8":[0],"9":[0,0]}}
,"/home/dell/Desktop/ERP/ERP-Project/src/modules/User/user.model.ts": {"path":"/home/dell/Desktop/ERP/ERP-Project/src/modules/User/user.model.ts","statementMap":{"0":{"start":{"line":1,"column":0},"end":{"line":1,"column":42}},"1":{"start":{"line":2,"column":0},"end":{"line":2,"column":30}},"2":{"start":{"line":3,"column":0},"end":{"line":3,"column":39}},"3":{"start":{"line":5,"column":19},"end":{"line":49,"column":2}},"4":{"start":{"line":54,"column":0},"end":{"line":77,"column":3}},"5":{"start":{"line":55,"column":2},"end":{"line":76,"column":null}},"6":{"start":{"line":56,"column":4},"end":{"line":58,"column":null}},"7":{"start":{"line":57,"column":6},"end":{"line":57,"column":59}},"8":{"start":{"line":60,"column":4},"end":{"line":71,"column":null}},"9":{"start":{"line":62,"column":8},"end":{"line":62,"column":32}},"10":{"start":{"line":63,"column":8},"end":{"line":63,"column":14}},"11":{"start":{"line":66,"column":8},"end":{"line":66,"column":32}},"12":{"start":{"line":67,"column":8},"end":{"line":67,"column":14}},"13":{"start":{"line":70,"column":8},"end":{"line":70,"column":14}},"14":{"start":{"line":73,"column":4},"end":{"line":73,"column":11}},"15":{"start":{"line":75,"column":4},"end":{"line":75,"column":16}},"16":{"start":{"line":79,"column":13},"end":{"line":79,"column":55}}},"fnMap":{"0":{"name":"(anonymous_7)","decl":{"start":{"line":54,"column":23},"end":{"line":54,"column":28}},"loc":{"start":{"line":54,"column":43},"end":{"line":77,"column":1}}}},"branchMap":{"0":{"loc":{"start":{"line":56,"column":4},"end":{"line":58,"column":null}},"type":"if","locations":[{"start":{"line":56,"column":4},"end":{"line":58,"column":null}}]},"1":{"loc":{"start":{"line":60,"column":4},"end":{"line":71,"column":null}},"type":"switch","locations":[{"start":{"line":61,"column":6},"end":{"line":63,"column":14}},{"start":{"line":65,"column":6},"end":{"line":67,"column":14}},{"start":{"line":69,"column":6},"end":{"line":70,"column":14}}]}},"s":{"0":1,"1":1,"2":1,"3":1,"4":1,"5":0,"6":0,"7":0,"8":0,"9":0,"10":0,"11":0,"12":0,"13":0,"14":0,"15":0,"16":1},"f":{"0":0},"b":{"0":[0],"1":[0,0,0]}}
,"/home/dell/Desktop/ERP/ERP-Project/src/modules/User/user.routes.ts": {"path":"/home/dell/Desktop/ERP/ERP-Project/src/modules/User/user.routes.ts","statementMap":{"0":{"start":{"line":1,"column":0},"end":{"line":1,"column":31}},"1":{"start":{"line":2,"column":0},"end":{"line":2,"column":43}},"2":{"start":{"line":3,"column":0},"end":{"line":3,"column":null}},"3":{"start":{"line":14,"column":0},"end":{"line":14,"column":61}},"4":{"start":{"line":16,"column":15},"end":{"line":16,"column":23}},"5":{"start":{"line":45,"column":8},"end":{"line":45,"column":14}},"6":{"start":{"line":18,"column":14},"end":{"line":18,"column":21}},"7":{"start":{"line":21,"column":0},"end":{"line":21,"column":75}},"8":{"start":{"line":24,"column":0},"end":{"line":24,"column":41}},"9":{"start":{"line":27,"column":0},"end":{"line":27,"column":73}},"10":{"start":{"line":30,"column":0},"end":{"line":30,"column":103}},"11":{"start":{"line":33,"column":0},"end":{"line":33,"column":94}},"12":{"start":{"line":36,"column":0},"end":{"line":36,"column":92}},"13":{"start":{"line":39,"column":0},"end":{"line":39,"column":42}},"14":{"start":{"line":42,"column":0},"end":{"line":42,"column":50}},"15":{"start":{"line":44,"column":0},"end":{"line":44,"column":82}}},"fnMap":{},"branchMap":{},"s":{"0":1,"1":1,"2":1,"3":1,"4":1,"5":1,"6":1,"7":1,"8":1,"9":1,"10":1,"11":1,"12":1,"13":1,"14":1,"15":1},"f":{},"b":{}}
,"/home/dell/Desktop/ERP/ERP-Project/src/modules/User/user.services.ts": {"path":"/home/dell/Desktop/ERP/ERP-Project/src/modules/User/user.services.ts","statementMap":{"0":{"start":{"line":2,"column":0},"end":{"line":2,"column":34}},"1":{"start":{"line":4,"column":0},"end":{"line":4,"column":46}},"2":{"start":{"line":5,"column":0},"end":{"line":5,"column":42}},"3":{"start":{"line":8,"column":25},"end":{"line":15,"column":1}},"4":{"start":{"line":9,"column":2},"end":{"line":14,"column":null}},"5":{"start":{"line":10,"column":4},"end":{"line":10,"column":29}},"6":{"start":{"line":12,"column":4},"end":{"line":12,"column":45}},"7":{"start":{"line":13,"column":4},"end":{"line":13,"column":32}},"8":{"start":{"line":8,"column":13},"end":{"line":8,"column":25}},"9":{"start":{"line":18,"column":23},"end":{"line":25,"column":1}},"10":{"start":{"line":19,"column":2},"end":{"line":24,"column":null}},"11":{"start":{"line":20,"column":4},"end":{"line":20,"column":35}},"12":{"start":{"line":22,"column":4},"end":{"line":22,"column":38}},"13":{"start":{"line":23,"column":4},"end":{"line":23,"column":32}},"14":{"start":{"line":18,"column":13},"end":{"line":18,"column":23}},"15":{"start":{"line":28,"column":28},"end":{"line":35,"column":1}},"16":{"start":{"line":29,"column":2},"end":{"line":34,"column":null}},"17":{"start":{"line":30,"column":4},"end":{"line":30,"column":36}},"18":{"start":{"line":32,"column":4},"end":{"line":32,"column":45}},"19":{"start":{"line":33,"column":4},"end":{"line":33,"column":32}},"20":{"start":{"line":28,"column":13},"end":{"line":28,"column":28}},"21":{"start":{"line":38,"column":37},"end":{"line":45,"column":1}},"22":{"start":{"line":39,"column":2},"end":{"line":44,"column":null}},"23":{"start":{"line":40,"column":4},"end":{"line":40,"column":45}},"24":{"start":{"line":42,"column":4},"end":{"line":42,"column":44}},"25":{"start":{"line":43,"column":4},"end":{"line":43,"column":32}},"26":{"start":{"line":38,"column":13},"end":{"line":38,"column":37}},"27":{"start":{"line":48,"column":37},"end":{"line":55,"column":1}},"28":{"start":{"line":49,"column":2},"end":{"line":54,"column":null}},"29":{"start":{"line":50,"column":4},"end":{"line":50,"column":45}},"30":{"start":{"line":52,"column":4},"end":{"line":52,"column":41}},"31":{"start":{"line":53,"column":4},"end":{"line":53,"column":32}},"32":{"start":{"line":48,"column":13},"end":{"line":48,"column":37}},"33":{"start":{"line":59,"column":31},"end":{"line":66,"column":1}},"34":{"start":{"line":60,"column":2},"end":{"line":65,"column":null}},"35":{"start":{"line":61,"column":4},"end":{"line":61,"column":46}},"36":{"start":{"line":63,"column":4},"end":{"line":63,"column":54}},"37":{"start":{"line":64,"column":4},"end":{"line":64,"column":32}},"38":{"start":{"line":59,"column":13},"end":{"line":59,"column":31}}},"fnMap":{"0":{"name":"(anonymous_0)","decl":{"start":{"line":8,"column":25},"end":{"line":8,"column":30}},"loc":{"start":{"line":8,"column":54},"end":{"line":15,"column":1}}},"1":{"name":"(anonymous_1)","decl":{"start":{"line":18,"column":23},"end":{"line":18,"column":28}},"loc":{"start":{"line":18,"column":62},"end":{"line":25,"column":1}}},"2":{"name":"(anonymous_2)","decl":{"start":{"line":28,"column":28},"end":{"line":28,"column":33}},"loc":{"start":{"line":28,"column":58},"end":{"line":35,"column":1}}},"3":{"name":"(anonymous_3)","decl":{"start":{"line":38,"column":37},"end":{"line":38,"column":42}},"loc":{"start":{"line":38,"column":67},"end":{"line":45,"column":1}}},"4":{"name":"(anonymous_4)","decl":{"start":{"line":48,"column":37},"end":{"line":48,"column":42}},"loc":{"start":{"line":48,"column":67},"end":{"line":55,"column":1}}},"5":{"name":"(anonymous_5)","decl":{"start":{"line":59,"column":31},"end":{"line":59,"column":36}},"loc":{"start":{"line":59,"column":63},"end":{"line":66,"column":1}}}},"branchMap":{},"s":{"0":1,"1":1,"2":1,"3":1,"4":0,"5":0,"6":0,"7":0,"8":1,"9":1,"10":0,"11":0,"12":0,"13":0,"14":1,"15":1,"16":0,"17":0,"18":0,"19":0,"20":1,"21":1,"22":0,"23":0,"24":0,"25":0,"26":1,"27":1,"28":0,"29":0,"30":0,"31":0,"32":1,"33":1,"34":0,"35":0,"36":0,"37":0,"38":1},"f":{"0":0,"1":0,"2":0,"3":0,"4":0,"5":0},"b":{}}
,"/home/dell/Desktop/ERP/ERP-Project/src/utils/error.ts": {"path":"/home/dell/Desktop/ERP/ERP-Project/src/utils/error.ts","statementMap":{"0":{"start":{"line":3,"column":27},"end":{"line":5,"column":1}},"1":{"start":{"line":4,"column":2},"end":{"line":4,"column":50}},"2":{"start":{"line":3,"column":13},"end":{"line":3,"column":27}}},"fnMap":{"0":{"name":"(anonymous_0)","decl":{"start":{"line":3,"column":27},"end":{"line":3,"column":28}},"loc":{"start":{"line":3,"column":94},"end":{"line":5,"column":1}}}},"branchMap":{},"s":{"0":1,"1":0,"2":1},"f":{"0":0},"b":{}}
,"/home/dell/Desktop/ERP/ERP-Project/src/utils/logger.ts": {"path":"/home/dell/Desktop/ERP/ERP-Project/src/utils/logger.ts","statementMap":{"0":{"start":{"line":1,"column":0},"end":{"line":1,"column":57}},"1":{"start":{"line":2,"column":0},"end":{"line":2,"column":33}},"2":{"start":{"line":4,"column":47},"end":{"line":4,"column":53}},"3":{"start":{"line":6,"column":17},"end":{"line":8,"column":2}},"4":{"start":{"line":7,"column":2},"end":{"line":7,"column":49}},"5":{"start":{"line":9,"column":13},"end":{"line":13,"column":3}}},"fnMap":{"0":{"name":"(anonymous_0)","decl":{"start":{"line":6,"column":24},"end":{"line":6,"column":25}},"loc":{"start":{"line":6,"column":56},"end":{"line":8,"column":1}}}},"branchMap":{},"s":{"0":1,"1":1,"2":1,"3":1,"4":0,"5":1},"f":{"0":0},"b":{}}
}
