TN:
SF:src/app.ts
FN:16,(anonymous_1)
FN:26,(anonymous_2)
FN:49,(anonymous_3)
FN:50,(anonymous_4)
FN:56,(anonymous_5)
FN:61,(anonymous_6)
FN:62,(anonymous_7)
FN:68,(anonymous_8)
FN:69,(anonymous_9)
FN:73,(anonymous_10)
FN:77,(anonymous_11)
FNF:11
FNH:7
FNDA:1,(anonymous_1)
FNDA:1,(anonymous_2)
FNDA:1,(anonymous_3)
FNDA:5,(anonymous_4)
FNDA:1,(anonymous_5)
FNDA:1,(anonymous_6)
FNDA:0,(anonymous_7)
FNDA:1,(anonymous_8)
FNDA:0,(anonymous_9)
FNDA:0,(anonymous_10)
FNDA:0,(anonymous_11)
DA:1,1
DA:2,1
DA:3,1
DA:4,1
DA:5,1
DA:6,1
DA:7,1
DA:8,1
DA:10,1
DA:11,1
DA:12,1
DA:17,1
DA:18,1
DA:19,1
DA:20,1
DA:21,1
DA:22,1
DA:27,1
DA:28,1
DA:50,1
DA:51,5
DA:57,1
DA:62,1
DA:63,0
DA:69,1
DA:70,0
DA:73,1
DA:74,0
DA:77,1
DA:78,0
DA:81,1
LF:31
LH:27
BRF:0
BRH:0
end_of_record
TN:
SF:src/config.ts
FNF:0
FNH:0
DA:1,1
DA:3,1
DA:8,1
LF:3
LH:3
BRDA:4,0,0,1
BRDA:4,0,1,0
BRDA:5,1,0,1
BRDA:5,1,1,0
BRDA:9,2,0,1
BRDA:9,2,1,0
BRDA:10,3,0,1
BRDA:10,3,1,0
BRF:8
BRH:4
end_of_record
TN:
SF:src/index.ts
FNF:0
FNH:0
DA:1,1
DA:2,1
DA:3,1
DA:4,1
DA:5,1
DA:6,1
DA:8,1
DA:11,1
DA:13,1
LF:9
LH:9
BRF:0
BRH:0
end_of_record
TN:
SF:src/interfaces.ts
FN:44,(anonymous_0)
FNF:1
FNH:1
FNDA:1,(anonymous_0)
DA:44,1
DA:45,1
DA:46,1
DA:47,1
LF:4
LH:4
BRDA:44,0,0,1
BRDA:44,0,1,1
BRF:2
BRH:2
end_of_record
TN:
SF:src/ping.ts
FN:5,(anonymous_1)
FNF:1
FNH:0
FNDA:0,(anonymous_1)
DA:1,1
DA:3,1
DA:5,1
DA:6,0
DA:9,1
LF:5
LH:4
BRF:0
BRH:0
end_of_record
TN:
SF:src/middleware/auth.ts
FN:11,(anonymous_1)
FNF:1
FNH:0
FNDA:0,(anonymous_1)
DA:2,1
DA:3,1
DA:4,1
DA:5,1
DA:7,1
DA:8,1
DA:9,1
DA:11,1
DA:12,0
DA:14,0
DA:15,0
DA:17,0
DA:18,0
DA:19,0
DA:24,0
DA:25,0
DA:27,0
DA:28,0
DA:30,0
DA:31,0
DA:32,0
DA:34,0
DA:35,0
DA:36,0
DA:40,0
DA:41,0
DA:43,0
DA:44,0
LF:28
LH:8
BRDA:14,0,0,0
BRDA:30,1,0,0
BRDA:30,1,1,0
BRDA:31,2,0,0
BRDA:34,3,0,0
BRDA:35,4,0,0
BRF:6
BRH:0
end_of_record
TN:
SF:src/middleware/authorization.ts
FN:4,(anonymous_0)
FN:5,(anonymous_1)
FNF:2
FNH:1
FNDA:26,(anonymous_0)
FNDA:0,(anonymous_1)
DA:1,1
DA:2,1
DA:4,1
DA:5,26
DA:6,0
DA:10,0
DA:11,0
DA:12,0
DA:15,0
LF:9
LH:4
BRDA:10,0,0,0
BRF:1
BRH:0
end_of_record
TN:
SF:src/middleware/error-handler.ts
FN:4,(anonymous_0)
FNF:1
FNH:0
FNDA:0,(anonymous_0)
DA:4,1
DA:5,0
DA:7,0
LF:3
LH:1
BRDA:7,0,0,0
BRDA:7,0,1,0
BRF:2
BRH:0
end_of_record
TN:
SF:src/modules/Attendance/attendance.controller.ts
FN:19,(anonymous_0)
FN:35,(anonymous_1)
FN:51,(anonymous_2)
FN:67,(anonymous_3)
FN:95,(anonymous_4)
FNF:5
FNH:0
FNDA:0,(anonymous_0)
FNDA:0,(anonymous_1)
FNDA:0,(anonymous_2)
FNDA:0,(anonymous_3)
FNDA:0,(anonymous_4)
DA:2,1
DA:9,1
DA:19,1
DA:20,0
DA:21,0
DA:22,0
DA:24,0
DA:35,1
DA:36,0
DA:37,0
DA:38,0
DA:40,0
DA:51,1
DA:52,0
DA:53,0
DA:54,0
DA:56,0
DA:67,1
DA:72,0
DA:73,0
DA:75,0
DA:76,0
DA:79,0
DA:81,0
DA:82,0
DA:84,0
DA:95,1
DA:100,0
DA:101,0
DA:102,0
DA:104,0
LF:31
LH:7
BRDA:82,0,0,0
BRDA:82,0,1,0
BRF:2
BRH:0
end_of_record
TN:
SF:src/modules/Attendance/attendance.model.ts
FNF:0
FNH:0
DA:1,1
DA:3,1
DA:21,1
LF:3
LH:3
BRF:0
BRH:0
end_of_record
TN:
SF:src/modules/Attendance/attendance.routes.ts
FNF:0
FNH:0
DA:2,1
DA:3,1
DA:10,1
DA:11,1
DA:13,1
DA:15,1
DA:18,1
DA:21,1
DA:24,1
DA:27,1
DA:30,1
LF:11
LH:11
BRF:0
BRH:0
end_of_record
TN:
SF:src/modules/Attendance/attendance.services.ts
FN:7,(anonymous_0)
FN:16,(anonymous_1)
FN:25,(anonymous_2)
FN:34,(anonymous_3)
FN:43,(anonymous_4)
FNF:5
FNH:0
FNDA:0,(anonymous_0)
FNDA:0,(anonymous_1)
FNDA:0,(anonymous_2)
FNDA:0,(anonymous_3)
FNDA:0,(anonymous_4)
DA:1,1
DA:3,1
DA:7,1
DA:8,0
DA:9,0
DA:11,0
DA:16,1
DA:17,0
DA:18,0
DA:20,0
DA:25,1
DA:26,0
DA:27,0
DA:29,0
DA:34,1
DA:35,0
DA:36,0
DA:38,0
DA:43,1
DA:44,0
DA:45,0
DA:47,0
LF:22
LH:7
BRF:0
BRH:0
end_of_record
TN:
SF:src/modules/Department/department.controller.ts
FN:24,(anonymous_0)
FN:40,(anonymous_1)
FN:57,(anonymous_2)
FN:74,(anonymous_3)
FN:104,(anonymous_4)
FN:126,(anonymous_5)
FN:142,(anonymous_6)
FN:157,(anonymous_7)
FN:172,(anonymous_8)
FNF:9
FNH:0
FNDA:0,(anonymous_0)
FNDA:0,(anonymous_1)
FNDA:0,(anonymous_2)
FNDA:0,(anonymous_3)
FNDA:0,(anonymous_4)
FNDA:0,(anonymous_5)
FNDA:0,(anonymous_6)
FNDA:0,(anonymous_7)
FNDA:0,(anonymous_8)
DA:2,1
DA:15,1
DA:24,1
DA:25,0
DA:26,0
DA:27,0
DA:29,0
DA:40,1
DA:41,0
DA:42,0
DA:43,0
DA:45,0
DA:46,0
DA:57,1
DA:58,0
DA:59,0
DA:60,0
DA:62,0
DA:63,0
DA:74,1
DA:79,0
DA:80,0
DA:82,0
DA:83,0
DA:86,0
DA:88,0
DA:90,0
DA:92,0
DA:93,0
DA:104,1
DA:109,0
DA:110,0
DA:111,0
DA:113,0
DA:115,0
DA:116,0
DA:126,1
DA:127,0
DA:128,0
DA:129,0
DA:131,0
DA:132,0
DA:142,1
DA:143,0
DA:144,0
DA:145,0
DA:147,0
DA:157,1
DA:158,0
DA:159,0
DA:160,0
DA:162,0
DA:172,1
DA:173,0
DA:174,0
DA:175,0
DA:177,0
LF:57
LH:11
BRDA:60,0,0,0
BRDA:60,0,1,0
BRDA:90,1,0,0
BRDA:90,1,1,0
BRDA:113,2,0,0
BRDA:113,2,1,0
BRDA:129,3,0,0
BRDA:129,3,1,0
BRF:8
BRH:0
end_of_record
TN:
SF:src/modules/Department/department.model.ts
FNF:0
FNH:0
DA:1,1
DA:3,1
DA:31,1
LF:3
LH:3
BRF:0
BRH:0
end_of_record
TN:
SF:src/modules/Department/department.routes.ts
FNF:0
FNH:0
DA:1,1
DA:2,1
DA:3,1
DA:14,1
DA:16,1
DA:17,1
DA:20,1
DA:23,1
DA:26,1
DA:29,1
DA:32,1
DA:35,1
DA:38,1
DA:41,1
DA:44,1
DA:46,1
LF:16
LH:16
BRF:0
BRH:0
end_of_record
TN:
SF:src/modules/Department/department.services.ts
FN:10,(anonymous_0)
FN:19,(anonymous_1)
FN:28,(anonymous_2)
FN:37,(anonymous_3)
FN:41,(anonymous_4)
FN:56,(anonymous_5)
FN:65,(anonymous_6)
FN:121,(anonymous_7)
FN:213,(anonymous_8)
FN:385,(anonymous_9)
FNF:10
FNH:0
FNDA:0,(anonymous_0)
FNDA:0,(anonymous_1)
FNDA:0,(anonymous_2)
FNDA:0,(anonymous_3)
FNDA:0,(anonymous_4)
FNDA:0,(anonymous_5)
FNDA:0,(anonymous_6)
FNDA:0,(anonymous_7)
FNDA:0,(anonymous_8)
FNDA:0,(anonymous_9)
DA:2,1
DA:4,1
DA:6,1
DA:7,1
DA:10,1
DA:11,0
DA:12,0
DA:14,0
DA:19,1
DA:20,0
DA:21,0
DA:23,0
DA:28,1
DA:29,0
DA:30,0
DA:32,0
DA:37,1
DA:38,0
DA:39,0
DA:40,0
DA:41,0
DA:42,0
DA:45,0
DA:46,0
DA:47,0
DA:49,0
DA:51,0
DA:56,1
DA:57,0
DA:58,0
DA:60,0
DA:65,1
DA:66,0
DA:67,0
DA:114,0
DA:116,0
DA:121,1
DA:122,0
DA:123,0
DA:182,0
DA:183,0
DA:190,0
DA:191,0
DA:198,0
DA:199,0
DA:206,0
DA:208,0
DA:213,1
DA:214,0
DA:215,0
DA:354,0
DA:355,0
DA:362,0
DA:363,0
DA:370,0
DA:371,0
DA:378,0
DA:380,0
DA:385,1
DA:386,0
DA:387,0
DA:445,0
DA:446,0
DA:453,0
DA:454,0
DA:461,0
DA:463,0
LF:67
LH:13
BRDA:182,0,0,0
BRDA:190,1,0,0
BRDA:198,2,0,0
BRDA:354,3,0,0
BRDA:362,4,0,0
BRDA:370,5,0,0
BRDA:445,6,0,0
BRDA:453,7,0,0
BRF:8
BRH:0
end_of_record
TN:
SF:src/modules/Student/student.controller.ts
FN:30,(anonymous_1)
FN:46,(anonymous_2)
FN:70,(anonymous_3)
FN:86,(anonymous_4)
FN:120,(anonymous_5)
FN:142,(anonymous_6)
FN:173,(anonymous_7)
FN:198,(anonymous_8)
FN:219,(anonymous_9)
FNF:9
FNH:0
FNDA:0,(anonymous_1)
FNDA:0,(anonymous_2)
FNDA:0,(anonymous_3)
FNDA:0,(anonymous_4)
FNDA:0,(anonymous_5)
FNDA:0,(anonymous_6)
FNDA:0,(anonymous_7)
FNDA:0,(anonymous_8)
FNDA:0,(anonymous_9)
DA:2,1
DA:3,1
DA:4,1
DA:5,1
DA:6,1
DA:19,1
DA:20,1
DA:21,1
DA:30,1
DA:31,0
DA:32,0
DA:33,0
DA:35,0
DA:46,1
DA:47,0
DA:48,0
DA:50,0
DA:52,0
DA:54,0
DA:56,0
DA:58,0
DA:59,0
DA:70,1
DA:71,0
DA:72,0
DA:73,0
DA:75,0
DA:86,1
DA:87,0
DA:88,0
DA:89,0
DA:91,0
DA:93,0
DA:94,0
DA:102,0
DA:104,0
DA:106,0
DA:108,0
DA:109,0
DA:120,1
DA:121,0
DA:122,0
DA:124,0
DA:125,0
DA:126,0
DA:128,0
DA:130,0
DA:131,0
DA:142,1
DA:143,0
DA:144,0
DA:146,0
DA:148,0
DA:149,0
DA:153,0
DA:154,0
DA:157,0
DA:158,0
DA:159,0
DA:161,0
DA:162,0
DA:173,1
DA:174,0
DA:175,0
DA:177,0
DA:178,0
DA:179,0
DA:182,0
DA:183,0
DA:184,0
DA:186,0
DA:187,0
DA:198,1
DA:199,0
DA:200,0
DA:202,0
DA:204,0
DA:206,0
DA:207,0
DA:219,1
DA:224,0
DA:225,0
DA:227,0
DA:229,0
DA:230,0
DA:234,0
DA:235,0
DA:236,0
DA:238,0
DA:239,0
DA:242,0
DA:244,0
DA:246,0
DA:248,0
DA:249,0
DA:252,0
DA:254,0
DA:257,0
DA:258,0
LF:99
LH:17
BRDA:33,0,0,0
BRDA:33,0,1,0
BRDA:93,1,0,0
BRDA:128,2,0,0
BRDA:128,2,1,0
BRDA:148,3,0,0
BRDA:159,4,0,0
BRDA:159,4,1,0
BRDA:178,5,0,0
BRDA:204,6,0,0
BRDA:204,6,1,0
BRDA:229,7,0,0
BRDA:234,8,0,0
BRDA:234,8,1,0
BRDA:246,9,0,0
BRDA:246,9,1,0
BRDA:254,10,0,0
BRDA:254,10,1,0
BRF:18
BRH:0
end_of_record
TN:
SF:src/modules/Student/student.helper.ts
FN:4,(anonymous_0)
FN:11,(anonymous_1)
FN:25,(anonymous_2)
FNF:3
FNH:2
FNDA:1,(anonymous_0)
FNDA:0,(anonymous_1)
FNDA:1,(anonymous_2)
DA:1,1
DA:2,1
DA:4,1
DA:5,1
DA:13,0
DA:14,0
DA:16,0
DA:17,0
DA:20,0
DA:25,1
DA:26,1
LF:11
LH:6
BRDA:16,0,0,0
BRF:1
BRH:0
end_of_record
TN:
SF:src/modules/Student/student.model.ts
FN:52,(anonymous_1)
FNF:1
FNH:0
FNDA:0,(anonymous_1)
DA:2,1
DA:3,1
DA:4,1
DA:6,1
DA:52,1
DA:53,0
DA:54,0
DA:55,0
DA:57,0
DA:59,0
DA:62,1
LF:11
LH:6
BRDA:54,0,0,0
BRF:1
BRH:0
end_of_record
TN:
SF:src/modules/Student/student.routes.ts
FNF:0
FNH:0
DA:1,1
DA:2,1
DA:3,1
DA:14,1
DA:18,1
DA:20,1
DA:22,1
DA:25,1
DA:28,1
DA:31,1
DA:34,1
DA:43,1
DA:52,1
DA:55,1
DA:58,1
DA:61,1
LF:16
LH:16
BRF:0
BRH:0
end_of_record
TN:
SF:src/modules/Student/student.services.ts
FN:11,(anonymous_0)
FN:20,(anonymous_1)
FN:33,(anonymous_2)
FN:46,(anonymous_3)
FN:58,(anonymous_4)
FN:76,(anonymous_5)
FN:86,(anonymous_6)
FN:96,(anonymous_7)
FN:106,(anonymous_8)
FN:116,(anonymous_9)
FN:127,(anonymous_10)
FNF:11
FNH:0
FNDA:0,(anonymous_0)
FNDA:0,(anonymous_1)
FNDA:0,(anonymous_2)
FNDA:0,(anonymous_3)
FNDA:0,(anonymous_4)
FNDA:0,(anonymous_5)
FNDA:0,(anonymous_6)
FNDA:0,(anonymous_7)
FNDA:0,(anonymous_8)
FNDA:0,(anonymous_9)
FNDA:0,(anonymous_10)
DA:2,1
DA:4,1
DA:5,1
DA:6,1
DA:7,1
DA:8,1
DA:11,1
DA:12,0
DA:13,0
DA:15,0
DA:20,1
DA:21,0
DA:22,0
DA:24,0
DA:25,0
DA:28,0
DA:33,1
DA:34,0
DA:35,0
DA:37,0
DA:38,0
DA:41,0
DA:46,1
DA:47,0
DA:48,0
DA:49,0
DA:51,0
DA:53,0
DA:58,1
DA:59,0
DA:60,0
DA:62,0
DA:63,0
DA:66,0
DA:67,0
DA:69,0
DA:71,0
DA:76,1
DA:77,0
DA:78,0
DA:80,0
DA:81,0
DA:86,1
DA:87,0
DA:88,0
DA:90,0
DA:91,0
DA:96,1
DA:97,0
DA:98,0
DA:100,0
DA:101,0
DA:106,1
DA:107,0
DA:108,0
DA:110,0
DA:111,0
DA:116,1
DA:117,0
DA:118,0
DA:120,0
DA:121,0
DA:127,1
DA:128,0
DA:129,0
DA:131,0
DA:132,0
LF:67
LH:17
BRDA:24,0,0,0
BRDA:37,1,0,0
BRDA:62,2,0,0
BRF:3
BRH:0
end_of_record
TN:
SF:src/modules/User/user.controllers.ts
FN:25,(anonymous_1)
FN:47,(anonymous_2)
FN:71,(anonymous_3)
FN:94,(anonymous_4)
FN:141,(anonymous_5)
FN:174,(anonymous_6)
FN:200,(anonymous_7)
FN:234,(anonymous_8)
FN:259,(anonymous_9)
FNF:9
FNH:0
FNDA:0,(anonymous_1)
FNDA:0,(anonymous_2)
FNDA:0,(anonymous_3)
FNDA:0,(anonymous_4)
FNDA:0,(anonymous_5)
FNDA:0,(anonymous_6)
FNDA:0,(anonymous_7)
FNDA:0,(anonymous_8)
FNDA:0,(anonymous_9)
DA:2,1
DA:3,1
DA:4,1
DA:5,1
DA:6,1
DA:14,1
DA:15,1
DA:25,1
DA:26,0
DA:27,0
DA:33,0
DA:35,0
DA:47,1
DA:48,0
DA:54,0
DA:55,0
DA:57,0
DA:59,0
DA:60,0
DA:71,1
DA:72,0
DA:73,0
DA:78,0
DA:80,0
DA:82,0
DA:83,0
DA:94,1
DA:95,0
DA:96,0
DA:97,0
DA:103,0
DA:116,0
DA:117,0
DA:118,0
DA:121,0
DA:123,0
DA:125,0
DA:127,0
DA:129,0
DA:130,0
DA:141,1
DA:142,0
DA:144,0
DA:150,0
DA:152,0
DA:153,0
DA:156,0
DA:158,0
DA:160,0
DA:162,0
DA:163,0
DA:174,1
DA:175,0
DA:176,0
DA:182,0
DA:184,0
DA:186,0
DA:187,0
DA:200,1
DA:201,0
DA:202,0
DA:207,0
DA:209,0
DA:210,0
DA:214,0
DA:215,0
DA:218,0
DA:219,0
DA:220,0
DA:222,0
DA:223,0
DA:234,1
DA:235,0
DA:236,0
DA:238,0
DA:239,0
DA:240,0
DA:243,0
DA:244,0
DA:245,0
DA:247,0
DA:248,0
DA:259,1
DA:260,0
DA:261,0
DA:263,0
DA:270,0
DA:272,0
DA:273,0
LF:89
LH:16
BRDA:33,0,0,0
BRDA:33,0,1,0
BRDA:80,1,0,0
BRDA:80,1,1,0
BRDA:116,2,0,0
BRDA:127,3,0,0
BRDA:127,3,1,0
BRDA:160,4,0,0
BRDA:160,4,1,0
BRDA:184,5,0,0
BRDA:184,5,1,0
BRDA:209,6,0,0
BRDA:220,7,0,0
BRDA:220,7,1,0
BRDA:239,8,0,0
BRDA:270,9,0,0
BRDA:270,9,1,0
BRF:17
BRH:0
end_of_record
TN:
SF:src/modules/User/user.model.ts
FN:54,(anonymous_7)
FNF:1
FNH:0
FNDA:0,(anonymous_7)
DA:1,1
DA:2,1
DA:3,1
DA:5,1
DA:54,1
DA:55,0
DA:56,0
DA:57,0
DA:60,0
DA:62,0
DA:63,0
DA:66,0
DA:67,0
DA:70,0
DA:73,0
DA:75,0
DA:79,1
LF:17
LH:6
BRDA:56,0,0,0
BRDA:60,1,0,0
BRDA:60,1,1,0
BRDA:60,1,2,0
BRF:4
BRH:0
end_of_record
TN:
SF:src/modules/User/user.routes.ts
FNF:0
FNH:0
DA:1,1
DA:2,1
DA:3,1
DA:14,1
DA:16,1
DA:18,1
DA:21,1
DA:24,1
DA:27,1
DA:30,1
DA:33,1
DA:36,1
DA:39,1
DA:42,1
DA:44,1
DA:45,1
LF:16
LH:16
BRF:0
BRH:0
end_of_record
TN:
SF:src/modules/User/user.services.ts
FN:8,(anonymous_0)
FN:18,(anonymous_1)
FN:28,(anonymous_2)
FN:38,(anonymous_3)
FN:48,(anonymous_4)
FN:59,(anonymous_5)
FNF:6
FNH:0
FNDA:0,(anonymous_0)
FNDA:0,(anonymous_1)
FNDA:0,(anonymous_2)
FNDA:0,(anonymous_3)
FNDA:0,(anonymous_4)
FNDA:0,(anonymous_5)
DA:2,1
DA:4,1
DA:5,1
DA:8,1
DA:9,0
DA:10,0
DA:12,0
DA:13,0
DA:18,1
DA:19,0
DA:20,0
DA:22,0
DA:23,0
DA:28,1
DA:29,0
DA:30,0
DA:32,0
DA:33,0
DA:38,1
DA:39,0
DA:40,0
DA:42,0
DA:43,0
DA:48,1
DA:49,0
DA:50,0
DA:52,0
DA:53,0
DA:59,1
DA:60,0
DA:61,0
DA:63,0
DA:64,0
LF:33
LH:9
BRF:0
BRH:0
end_of_record
TN:
SF:src/utils/error.ts
FN:3,(anonymous_0)
FNF:1
FNH:0
FNDA:0,(anonymous_0)
DA:3,1
DA:4,0
LF:2
LH:1
BRF:0
BRH:0
end_of_record
TN:
SF:src/utils/logger.ts
FN:6,(anonymous_0)
FNF:1
FNH:0
FNDA:0,(anonymous_0)
DA:1,1
DA:2,1
DA:4,1
DA:6,1
DA:7,0
DA:9,1
LF:6
LH:5
BRF:0
BRH:0
end_of_record
